/fred/oz002/dreardon/ppta_dr3/pptaDataCollection/profiles//J1832-0836/p141011_094056.rf.pcm.dzt8f32.zap written to disk
/fred/oz002/dreardon/ppta_dr3/pptaDataCollection/profiles//J1832-0836/p141011_094056.rf.pcm.dzt8f32.dzTpf4 written to disk
/fred/oz002/dreardon/ppta_dr3/pptaDataCollection/profiles//J1832-0836/p141011_094056.rf.pcm.dzt8f32.dzTpf4 written to disk
/fred/oz002/dreardon/ppta_dr3/pptaDataCollection/profiles//J1832-0836/p141011_094056.rf.pcm.dzt8f32.dzTpf4 written to disk
/fred/oz002/dreardon/ppta_dr3/pptaDataCollection/profiles//J1832-0836/p150108_033952.rf.pcm.dzt8f32.zap written to disk
/fred/oz002/dreardon/ppta_dr3/pptaDataCollection/profiles//J1832-0836/p150108_033952.rf.pcm.dzt8f32.dzTpf4 written to disk
/fred/oz002/dreardon/ppta_dr3/pptaDataCollection/profiles//J1832-0836/p150108_033952.rf.pcm.dzt8f32.dzTpf4 written to disk
/fred/oz002/dreardon/ppta_dr3/pptaDataCollection/profiles//J1832-0836/p150108_033952.rf.pcm.dzt8f32.dzTpf4 written to disk
/fred/oz002/dreardon/ppta_dr3/pptaDataCollection/profiles//J1832-0836/p150222_011232.rf.pcm.dzt8f32.zap written to disk
/fred/oz002/dreardon/ppta_dr3/pptaDataCollection/profiles//J1832-0836/p150222_011232.rf.pcm.dzt8f32.dzTpf4 written to disk
/fred/oz002/dreardon/ppta_dr3/pptaDataCollection/profiles//J1832-0836/p150222_011232.rf.pcm.dzt8f32.dzTpf4 written to disk
/fred/oz002/dreardon/ppta_dr3/pptaDataCollection/profiles//J1832-0836/p150222_011232.rf.pcm.dzt8f32.dzTpf4 written to disk
/fred/oz002/dreardon/ppta_dr3/pptaDataCollection/profiles//J1832-0836/p150308_204752.rf.pcm.dzt8f32.zap written to disk
/fred/oz002/dreardon/ppta_dr3/pptaDataCollection/profiles//J1832-0836/p150308_204752.rf.pcm.dzt8f32.dzTpf4 written to disk
/fred/oz002/dreardon/ppta_dr3/pptaDataCollection/profiles//J1832-0836/p150308_204752.rf.pcm.dzt8f32.dzTpf4 written to disk
/fred/oz002/dreardon/ppta_dr3/pptaDataCollection/profiles//J1832-0836/p150308_204752.rf.pcm.dzt8f32.dzTpf4 written to disk
/fred/oz002/dreardon/ppta_dr3/pptaDataCollection/profiles//J1832-0836/p150923_072448.rf.pcm.dzt8f32.zap written to disk
/fred/oz002/dreardon/ppta_dr3/pptaDataCollection/profiles//J1832-0836/p150923_072448.rf.pcm.dzt8f32.dzTpf4 written to disk
/fred/oz002/dreardon/ppta_dr3/pptaDataCollection/profiles//J1832-0836/p150923_072448.rf.pcm.dzt8f32.dzTpf4 written to disk
/fred/oz002/dreardon/ppta_dr3/pptaDataCollection/profiles//J1832-0836/p150923_072448.rf.pcm.dzt8f32.dzTpf4 written to disk
/fred/oz002/dreardon/ppta_dr3/pptaDataCollection/profiles//J1832-0836/p160318_173136.rf.pcm.dzt8f32.zap written to disk
/fred/oz002/dreardon/ppta_dr3/pptaDataCollection/profiles//J1832-0836/p160318_173136.rf.pcm.dzt8f32.dzTpf4 written to disk
/fred/oz002/dreardon/ppta_dr3/pptaDataCollection/profiles//J1832-0836/p160318_173136.rf.pcm.dzt8f32.dzTpf4 written to disk
/fred/oz002/dreardon/ppta_dr3/pptaDataCollection/profiles//J1832-0836/p160318_173136.rf.pcm.dzt8f32.dzTpf4 written to disk
/fred/oz002/dreardon/ppta_dr3/pptaDataCollection/profiles//J1832-0836/p160506_181440.rf.pcm.dzt8f32.zap written to disk
/fred/oz002/dreardon/ppta_dr3/pptaDataCollection/profiles//J1832-0836/p160506_181440.rf.pcm.dzt8f32.dzTpf4 written to disk
/fred/oz002/dreardon/ppta_dr3/pptaDataCollection/profiles//J1832-0836/p160506_181440.rf.pcm.dzt8f32.dzTpf4 written to disk
/fred/oz002/dreardon/ppta_dr3/pptaDataCollection/profiles//J1832-0836/p160506_181440.rf.pcm.dzt8f32.dzTpf4 written to disk
/fred/oz002/dreardon/ppta_dr3/pptaDataCollection/profiles//J1832-0836/p170129_202504.rf.pcm.dzt8f32.zap written to disk
/fred/oz002/dreardon/ppta_dr3/pptaDataCollection/profiles//J1832-0836/p170129_202504.rf.pcm.dzt8f32.dzTpf4 written to disk
/fred/oz002/dreardon/ppta_dr3/pptaDataCollection/profiles//J1832-0836/p170129_202504.rf.pcm.dzt8f32.dzTpf4 written to disk
/fred/oz002/dreardon/ppta_dr3/pptaDataCollection/profiles//J1832-0836/p170129_202504.rf.pcm.dzt8f32.dzTpf4 written to disk
/fred/oz002/dreardon/ppta_dr3/pptaDataCollection/profiles//J1832-0836/s121129_062200.rf.pcm.dzt8f32.zap written to disk
/fred/oz002/dreardon/ppta_dr3/pptaDataCollection/profiles//J1832-0836/s121129_062200.rf.pcm.dzt8f32.dzTpf4 written to disk
/fred/oz002/dreardon/ppta_dr3/pptaDataCollection/profiles//J1832-0836/s121129_062200.rf.pcm.dzt8f32.dzTpf4 written to disk
/fred/oz002/dreardon/ppta_dr3/pptaDataCollection/profiles//J1832-0836/s121129_062200.rf.pcm.dzt8f32.dzTpf4 written to disk
/fred/oz002/dreardon/ppta_dr3/pptaDataCollection/profiles//J1832-0836/s130724_094153.rf.pcm.dzt8f32.zap written to disk
/fred/oz002/dreardon/ppta_dr3/pptaDataCollection/profiles//J1832-0836/s130724_094153.rf.pcm.dzt8f32.dzTpf4 written to disk
/fred/oz002/dreardon/ppta_dr3/pptaDataCollection/profiles//J1832-0836/s130724_094153.rf.pcm.dzt8f32.dzTpf4 written to disk
/fred/oz002/dreardon/ppta_dr3/pptaDataCollection/profiles//J1832-0836/s130724_094153.rf.pcm.dzt8f32.dzTpf4 written to disk
/fred/oz002/dreardon/ppta_dr3/pptaDataCollection/profiles//J1832-0836/s130811_134732.rf.pcm.dzt8f32.zap written to disk
/fred/oz002/dreardon/ppta_dr3/pptaDataCollection/profiles//J1832-0836/s130811_134732.rf.pcm.dzt8f32.dzTpf4 written to disk
/fred/oz002/dreardon/ppta_dr3/pptaDataCollection/profiles//J1832-0836/s130811_134732.rf.pcm.dzt8f32.dzTpf4 written to disk
/fred/oz002/dreardon/ppta_dr3/pptaDataCollection/profiles//J1832-0836/s130811_134732.rf.pcm.dzt8f32.dzTpf4 written to disk
/fred/oz002/dreardon/ppta_dr3/pptaDataCollection/profiles//J1832-0836/s130812_132922.rf.pcm.dzt8f32.zap written to disk
/fred/oz002/dreardon/ppta_dr3/pptaDataCollection/profiles//J1832-0836/s130812_132922.rf.pcm.dzt8f32.dzTpf4 written to disk
/fred/oz002/dreardon/ppta_dr3/pptaDataCollection/profiles//J1832-0836/s130812_132922.rf.pcm.dzt8f32.dzTpf4 written to disk
/fred/oz002/dreardon/ppta_dr3/pptaDataCollection/profiles//J1832-0836/s130812_132922.rf.pcm.dzt8f32.dzTpf4 written to disk
/fred/oz002/dreardon/ppta_dr3/pptaDataCollection/profiles//J1832-0836/s130915_111232.rf.pcm.dzt8f32.zap written to disk
/fred/oz002/dreardon/ppta_dr3/pptaDataCollection/profiles//J1832-0836/s130915_111232.rf.pcm.dzt8f32.dzTpf4 written to disk
/fred/oz002/dreardon/ppta_dr3/pptaDataCollection/profiles//J1832-0836/s130915_111232.rf.pcm.dzt8f32.dzTpf4 written to disk
/fred/oz002/dreardon/ppta_dr3/pptaDataCollection/profiles//J1832-0836/s130915_111232.rf.pcm.dzt8f32.dzTpf4 written to disk
/fred/oz002/dreardon/ppta_dr3/pptaDataCollection/profiles//J1832-0836/s130930_094234.rf.pcm.dzt8f32.zap written to disk
/fred/oz002/dreardon/ppta_dr3/pptaDataCollection/profiles//J1832-0836/s130930_094234.rf.pcm.dzt8f32.dzTpf4 written to disk
/fred/oz002/dreardon/ppta_dr3/pptaDataCollection/profiles//J1832-0836/s130930_094234.rf.pcm.dzt8f32.dzTpf4 written to disk
/fred/oz002/dreardon/ppta_dr3/pptaDataCollection/profiles//J1832-0836/s130930_094234.rf.pcm.dzt8f32.dzTpf4 written to disk
/fred/oz002/dreardon/ppta_dr3/pptaDataCollection/profiles//J1832-0836/s131015_100003.rf.pcm.dzt8f32.zap written to disk
/fred/oz002/dreardon/ppta_dr3/pptaDataCollection/profiles//J1832-0836/s131015_100003.rf.pcm.dzt8f32.dzTpf4 written to disk
/fred/oz002/dreardon/ppta_dr3/pptaDataCollection/profiles//J1832-0836/s131015_100003.rf.pcm.dzt8f32.dzTpf4 written to disk
/fred/oz002/dreardon/ppta_dr3/pptaDataCollection/profiles//J1832-0836/s131015_100003.rf.pcm.dzt8f32.dzTpf4 written to disk
/fred/oz002/dreardon/ppta_dr3/pptaDataCollection/profiles//J1832-0836/s131129_071152.rf.pcm.dzt8f32.zap written to disk
/fred/oz002/dreardon/ppta_dr3/pptaDataCollection/profiles//J1832-0836/s131129_071152.rf.pcm.dzt8f32.dzTpf4 written to disk
/fred/oz002/dreardon/ppta_dr3/pptaDataCollection/profiles//J1832-0836/s131129_071152.rf.pcm.dzt8f32.dzTpf4 written to disk
/fred/oz002/dreardon/ppta_dr3/pptaDataCollection/profiles//J1832-0836/s131129_071152.rf.pcm.dzt8f32.dzTpf4 written to disk
/fred/oz002/dreardon/ppta_dr3/pptaDataCollection/profiles//J1832-0836/s131219_055323.rf.pcm.dzt8f32.zap written to disk
/fred/oz002/dreardon/ppta_dr3/pptaDataCollection/profiles//J1832-0836/s131219_055323.rf.pcm.dzt8f32.dzTpf4 written to disk
/fred/oz002/dreardon/ppta_dr3/pptaDataCollection/profiles//J1832-0836/s131219_055323.rf.pcm.dzt8f32.dzTpf4 written to disk
/fred/oz002/dreardon/ppta_dr3/pptaDataCollection/profiles//J1832-0836/s131219_055323.rf.pcm.dzt8f32.dzTpf4 written to disk
/fred/oz002/dreardon/ppta_dr3/pptaDataCollection/profiles//J1832-0836/s140110_034852.rf.pcm.dzt8f32.zap written to disk
/fred/oz002/dreardon/ppta_dr3/pptaDataCollection/profiles//J1832-0836/s140110_034852.rf.pcm.dzt8f32.dzTpf4 written to disk
/fred/oz002/dreardon/ppta_dr3/pptaDataCollection/profiles//J1832-0836/s140110_034852.rf.pcm.dzt8f32.dzTpf4 written to disk
/fred/oz002/dreardon/ppta_dr3/pptaDataCollection/profiles//J1832-0836/s140110_034852.rf.pcm.dzt8f32.dzTpf4 written to disk
/fred/oz002/dreardon/ppta_dr3/pptaDataCollection/profiles//J1832-0836/s140322_172920.rf.pcm.dzt8f32.zap written to disk
/fred/oz002/dreardon/ppta_dr3/pptaDataCollection/profiles//J1832-0836/s140322_172920.rf.pcm.dzt8f32.dzTpf4 written to disk
/fred/oz002/dreardon/ppta_dr3/pptaDataCollection/profiles//J1832-0836/s140322_172920.rf.pcm.dzt8f32.dzTpf4 written to disk
/fred/oz002/dreardon/ppta_dr3/pptaDataCollection/profiles//J1832-0836/s140322_172920.rf.pcm.dzt8f32.dzTpf4 written to disk
/fred/oz002/dreardon/ppta_dr3/pptaDataCollection/profiles//J1832-0836/s140410_213122.rf.pcm.dzt8f32.zap written to disk
/fred/oz002/dreardon/ppta_dr3/pptaDataCollection/profiles//J1832-0836/s140410_213122.rf.pcm.dzt8f32.dzTpf4 written to disk
/fred/oz002/dreardon/ppta_dr3/pptaDataCollection/profiles//J1832-0836/s140410_213122.rf.pcm.dzt8f32.dzTpf4 written to disk
/fred/oz002/dreardon/ppta_dr3/pptaDataCollection/profiles//J1832-0836/s140410_213122.rf.pcm.dzt8f32.dzTpf4 written to disk
/fred/oz002/dreardon/ppta_dr3/pptaDataCollection/profiles//J1832-0836/s140411_184514.rf.pcm.dzt8f32.zap written to disk
/fred/oz002/dreardon/ppta_dr3/pptaDataCollection/profiles//J1832-0836/s140411_184514.rf.pcm.dzt8f32.dzTpf4 written to disk
/fred/oz002/dreardon/ppta_dr3/pptaDataCollection/profiles//J1832-0836/s140411_184514.rf.pcm.dzt8f32.dzTpf4 written to disk
/fred/oz002/dreardon/ppta_dr3/pptaDataCollection/profiles//J1832-0836/s140411_184514.rf.pcm.dzt8f32.dzTpf4 written to disk
/fred/oz002/dreardon/ppta_dr3/pptaDataCollection/profiles//J1832-0836/s140411_195302.rf.pcm.dzt8f32.zap written to disk
/fred/oz002/dreardon/ppta_dr3/pptaDataCollection/profiles//J1832-0836/s140411_195302.rf.pcm.dzt8f32.dzTpf4 written to disk
/fred/oz002/dreardon/ppta_dr3/pptaDataCollection/profiles//J1832-0836/s140411_195302.rf.pcm.dzt8f32.dzTpf4 written to disk
/fred/oz002/dreardon/ppta_dr3/pptaDataCollection/profiles//J1832-0836/s140411_195302.rf.pcm.dzt8f32.dzTpf4 written to disk
/fred/oz002/dreardon/ppta_dr3/pptaDataCollection/profiles//J1832-0836/s140424_210232.rf.pcm.dzt8f32.zap written to disk
/fred/oz002/dreardon/ppta_dr3/pptaDataCollection/profiles//J1832-0836/s140424_210232.rf.pcm.dzt8f32.dzTpf4 written to disk
/fred/oz002/dreardon/ppta_dr3/pptaDataCollection/profiles//J1832-0836/s140424_210232.rf.pcm.dzt8f32.dzTpf4 written to disk
/fred/oz002/dreardon/ppta_dr3/pptaDataCollection/profiles//J1832-0836/s140424_210232.rf.pcm.dzt8f32.dzTpf4 written to disk
/fred/oz002/dreardon/ppta_dr3/pptaDataCollection/profiles//J1832-0836/t130604_124421.rf.pcm.dzt8f32.zap written to disk
/fred/oz002/dreardon/ppta_dr3/pptaDataCollection/profiles//J1832-0836/t130604_124421.rf.pcm.dzt8f32.dzTpf4 written to disk
/fred/oz002/dreardon/ppta_dr3/pptaDataCollection/profiles//J1832-0836/t130604_124421.rf.pcm.dzt8f32.dzTpf4 written to disk
/fred/oz002/dreardon/ppta_dr3/pptaDataCollection/profiles//J1832-0836/t130604_124421.rf.pcm.dzt8f32.dzTpf4 written to disk
/fred/oz002/dreardon/ppta_dr3/pptaDataCollection/profiles//J1832-0836/t130604_190051.rf.pcm.dzt8f32.zap written to disk
/fred/oz002/dreardon/ppta_dr3/pptaDataCollection/profiles//J1832-0836/t130604_190051.rf.pcm.dzt8f32.dzTpf4 written to disk
/fred/oz002/dreardon/ppta_dr3/pptaDataCollection/profiles//J1832-0836/t130604_190051.rf.pcm.dzt8f32.dzTpf4 written to disk
/fred/oz002/dreardon/ppta_dr3/pptaDataCollection/profiles//J1832-0836/t130604_190051.rf.pcm.dzt8f32.dzTpf4 written to disk
/fred/oz002/dreardon/ppta_dr3/pptaDataCollection/profiles//J1832-0836/t130620_181221.rf.pcm.dzt8f32.zap written to disk
/fred/oz002/dreardon/ppta_dr3/pptaDataCollection/profiles//J1832-0836/t130620_181221.rf.pcm.dzt8f32.dzTpf4 written to disk
/fred/oz002/dreardon/ppta_dr3/pptaDataCollection/profiles//J1832-0836/t130620_181221.rf.pcm.dzt8f32.dzTpf4 written to disk
/fred/oz002/dreardon/ppta_dr3/pptaDataCollection/profiles//J1832-0836/t130620_181221.rf.pcm.dzt8f32.dzTpf4 written to disk
/fred/oz002/dreardon/ppta_dr3/pptaDataCollection/profiles//J1832-0836/t130704_163512.rf.pcm.dzt8f32.zap written to disk
/fred/oz002/dreardon/ppta_dr3/pptaDataCollection/profiles//J1832-0836/t130704_163512.rf.pcm.dzt8f32.dzTpf4 written to disk
/fred/oz002/dreardon/ppta_dr3/pptaDataCollection/profiles//J1832-0836/t130704_163512.rf.pcm.dzt8f32.dzTpf4 written to disk
/fred/oz002/dreardon/ppta_dr3/pptaDataCollection/profiles//J1832-0836/t130704_163512.rf.pcm.dzt8f32.dzTpf4 written to disk
/fred/oz002/dreardon/ppta_dr3/pptaDataCollection/profiles//J1832-0836/t130722_153301.rf.pcm.dzt8f32.zap written to disk
/fred/oz002/dreardon/ppta_dr3/pptaDataCollection/profiles//J1832-0836/t130722_153301.rf.pcm.dzt8f32.dzTpf4 written to disk
/fred/oz002/dreardon/ppta_dr3/pptaDataCollection/profiles//J1832-0836/t130722_153301.rf.pcm.dzt8f32.dzTpf4 written to disk
/fred/oz002/dreardon/ppta_dr3/pptaDataCollection/profiles//J1832-0836/t130722_153301.rf.pcm.dzt8f32.dzTpf4 written to disk
/fred/oz002/dreardon/ppta_dr3/pptaDataCollection/profiles//J1832-0836/t130724_094153.rf.pcm.dzt8f32.zap written to disk
/fred/oz002/dreardon/ppta_dr3/pptaDataCollection/profiles//J1832-0836/t130724_094153.rf.pcm.dzt8f32.dzTpf4 written to disk
/fred/oz002/dreardon/ppta_dr3/pptaDataCollection/profiles//J1832-0836/t130724_094153.rf.pcm.dzt8f32.dzTpf4 written to disk
/fred/oz002/dreardon/ppta_dr3/pptaDataCollection/profiles//J1832-0836/t130724_094153.rf.pcm.dzt8f32.dzTpf4 written to disk
/fred/oz002/dreardon/ppta_dr3/pptaDataCollection/profiles//J1832-0836/t130809_132251.rf.pcm.dzt8f32.zap written to disk
/fred/oz002/dreardon/ppta_dr3/pptaDataCollection/profiles//J1832-0836/t130809_132251.rf.pcm.dzt8f32.dzTpf4 written to disk
/fred/oz002/dreardon/ppta_dr3/pptaDataCollection/profiles//J1832-0836/t130809_132251.rf.pcm.dzt8f32.dzTpf4 written to disk
/fred/oz002/dreardon/ppta_dr3/pptaDataCollection/profiles//J1832-0836/t130809_132251.rf.pcm.dzt8f32.dzTpf4 written to disk
/fred/oz002/dreardon/ppta_dr3/pptaDataCollection/profiles//J1832-0836/t130811_134731.rf.pcm.dzt8f32.zap written to disk
/fred/oz002/dreardon/ppta_dr3/pptaDataCollection/profiles//J1832-0836/t130811_134731.rf.pcm.dzt8f32.dzTpf4 written to disk
/fred/oz002/dreardon/ppta_dr3/pptaDataCollection/profiles//J1832-0836/t130811_134731.rf.pcm.dzt8f32.dzTpf4 written to disk
/fred/oz002/dreardon/ppta_dr3/pptaDataCollection/profiles//J1832-0836/t130811_134731.rf.pcm.dzt8f32.dzTpf4 written to disk
/fred/oz002/dreardon/ppta_dr3/pptaDataCollection/profiles//J1832-0836/t130812_132921.rf.pcm.dzt8f32.zap written to disk
/fred/oz002/dreardon/ppta_dr3/pptaDataCollection/profiles//J1832-0836/t130812_132921.rf.pcm.dzt8f32.dzTpf4 written to disk
/fred/oz002/dreardon/ppta_dr3/pptaDataCollection/profiles//J1832-0836/t130812_132921.rf.pcm.dzt8f32.dzTpf4 written to disk
/fred/oz002/dreardon/ppta_dr3/pptaDataCollection/profiles//J1832-0836/t130812_132921.rf.pcm.dzt8f32.dzTpf4 written to disk
/fred/oz002/dreardon/ppta_dr3/pptaDataCollection/profiles//J1832-0836/t130831_130241.rf.pcm.dzt8f32.zap written to disk
/fred/oz002/dreardon/ppta_dr3/pptaDataCollection/profiles//J1832-0836/t130831_130241.rf.pcm.dzt8f32.dzTpf4 written to disk
/fred/oz002/dreardon/ppta_dr3/pptaDataCollection/profiles//J1832-0836/t130831_130241.rf.pcm.dzt8f32.dzTpf4 written to disk
/fred/oz002/dreardon/ppta_dr3/pptaDataCollection/profiles//J1832-0836/t130831_130241.rf.pcm.dzt8f32.dzTpf4 written to disk
/fred/oz002/dreardon/ppta_dr3/pptaDataCollection/profiles//J1832-0836/t130914_100001.rf.pcm.dzt8f32.zap written to disk
/fred/oz002/dreardon/ppta_dr3/pptaDataCollection/profiles//J1832-0836/t130914_100001.rf.pcm.dzt8f32.dzTpf4 written to disk
/fred/oz002/dreardon/ppta_dr3/pptaDataCollection/profiles//J1832-0836/t130914_100001.rf.pcm.dzt8f32.dzTpf4 written to disk
/fred/oz002/dreardon/ppta_dr3/pptaDataCollection/profiles//J1832-0836/t130914_100001.rf.pcm.dzt8f32.dzTpf4 written to disk
/fred/oz002/dreardon/ppta_dr3/pptaDataCollection/profiles//J1832-0836/t130915_111232.rf.pcm.dzt8f32.zap written to disk
/fred/oz002/dreardon/ppta_dr3/pptaDataCollection/profiles//J1832-0836/t130915_111232.rf.pcm.dzt8f32.dzTpf4 written to disk
/fred/oz002/dreardon/ppta_dr3/pptaDataCollection/profiles//J1832-0836/t130915_111232.rf.pcm.dzt8f32.dzTpf4 written to disk
/fred/oz002/dreardon/ppta_dr3/pptaDataCollection/profiles//J1832-0836/t130915_111232.rf.pcm.dzt8f32.dzTpf4 written to disk
/fred/oz002/dreardon/ppta_dr3/pptaDataCollection/profiles//J1832-0836/t130928_062202.rf.pcm.dzt8f32.zap written to disk
/fred/oz002/dreardon/ppta_dr3/pptaDataCollection/profiles//J1832-0836/t130928_062202.rf.pcm.dzt8f32.dzTpf4 written to disk
/fred/oz002/dreardon/ppta_dr3/pptaDataCollection/profiles//J1832-0836/t130928_062202.rf.pcm.dzt8f32.dzTpf4 written to disk
/fred/oz002/dreardon/ppta_dr3/pptaDataCollection/profiles//J1832-0836/t130928_062202.rf.pcm.dzt8f32.dzTpf4 written to disk
/fred/oz002/dreardon/ppta_dr3/pptaDataCollection/profiles//J1832-0836/t130930_094233.rf.pcm.dzt8f32.zap written to disk
/fred/oz002/dreardon/ppta_dr3/pptaDataCollection/profiles//J1832-0836/t130930_094233.rf.pcm.dzt8f32.dzTpf4 written to disk
/fred/oz002/dreardon/ppta_dr3/pptaDataCollection/profiles//J1832-0836/t130930_094233.rf.pcm.dzt8f32.dzTpf4 written to disk
/fred/oz002/dreardon/ppta_dr3/pptaDataCollection/profiles//J1832-0836/t130930_094233.rf.pcm.dzt8f32.dzTpf4 written to disk
/fred/oz002/dreardon/ppta_dr3/pptaDataCollection/profiles//J1832-0836/t131014_082842.rf.pcm.dzt8f32.zap written to disk
/fred/oz002/dreardon/ppta_dr3/pptaDataCollection/profiles//J1832-0836/t131014_082842.rf.pcm.dzt8f32.dzTpf4 written to disk
/fred/oz002/dreardon/ppta_dr3/pptaDataCollection/profiles//J1832-0836/t131014_082842.rf.pcm.dzt8f32.dzTpf4 written to disk
/fred/oz002/dreardon/ppta_dr3/pptaDataCollection/profiles//J1832-0836/t131014_082842.rf.pcm.dzt8f32.dzTpf4 written to disk
/fred/oz002/dreardon/ppta_dr3/pptaDataCollection/profiles//J1832-0836/t131015_100003.rf.pcm.dzt8f32.zap written to disk
/fred/oz002/dreardon/ppta_dr3/pptaDataCollection/profiles//J1832-0836/t131015_100003.rf.pcm.dzt8f32.dzTpf4 written to disk
/fred/oz002/dreardon/ppta_dr3/pptaDataCollection/profiles//J1832-0836/t131015_100003.rf.pcm.dzt8f32.dzTpf4 written to disk
/fred/oz002/dreardon/ppta_dr3/pptaDataCollection/profiles//J1832-0836/t131015_100003.rf.pcm.dzt8f32.dzTpf4 written to disk
/fred/oz002/dreardon/ppta_dr3/pptaDataCollection/profiles//J1832-0836/t131026_055741.rf.pcm.dzt8f32.zap written to disk
/fred/oz002/dreardon/ppta_dr3/pptaDataCollection/profiles//J1832-0836/t131026_055741.rf.pcm.dzt8f32.dzTpf4 written to disk
/fred/oz002/dreardon/ppta_dr3/pptaDataCollection/profiles//J1832-0836/t131026_055741.rf.pcm.dzt8f32.dzTpf4 written to disk
/fred/oz002/dreardon/ppta_dr3/pptaDataCollection/profiles//J1832-0836/t131026_055741.rf.pcm.dzt8f32.dzTpf4 written to disk
/fred/oz002/dreardon/ppta_dr3/pptaDataCollection/profiles//J1832-0836/t131129_030031.rf.pcm.dzt8f32.zap written to disk
/fred/oz002/dreardon/ppta_dr3/pptaDataCollection/profiles//J1832-0836/t131129_030031.rf.pcm.dzt8f32.dzTpf4 written to disk
/fred/oz002/dreardon/ppta_dr3/pptaDataCollection/profiles//J1832-0836/t131129_030031.rf.pcm.dzt8f32.dzTpf4 written to disk
/fred/oz002/dreardon/ppta_dr3/pptaDataCollection/profiles//J1832-0836/t131129_030031.rf.pcm.dzt8f32.dzTpf4 written to disk
/fred/oz002/dreardon/ppta_dr3/pptaDataCollection/profiles//J1832-0836/t131129_071152.rf.pcm.dzt8f32.zap written to disk
/fred/oz002/dreardon/ppta_dr3/pptaDataCollection/profiles//J1832-0836/t131129_071152.rf.pcm.dzt8f32.dzTpf4 written to disk
/fred/oz002/dreardon/ppta_dr3/pptaDataCollection/profiles//J1832-0836/t131129_071152.rf.pcm.dzt8f32.dzTpf4 written to disk
/fred/oz002/dreardon/ppta_dr3/pptaDataCollection/profiles//J1832-0836/t131129_071152.rf.pcm.dzt8f32.dzTpf4 written to disk
/fred/oz002/dreardon/ppta_dr3/pptaDataCollection/profiles//J1832-0836/t131217_031754.rf.pcm.dzt8f32.zap written to disk
/fred/oz002/dreardon/ppta_dr3/pptaDataCollection/profiles//J1832-0836/t131217_031754.rf.pcm.dzt8f32.dzTpf4 written to disk
/fred/oz002/dreardon/ppta_dr3/pptaDataCollection/profiles//J1832-0836/t131217_031754.rf.pcm.dzt8f32.dzTpf4 written to disk
/fred/oz002/dreardon/ppta_dr3/pptaDataCollection/profiles//J1832-0836/t131217_031754.rf.pcm.dzt8f32.dzTpf4 written to disk
/fred/oz002/dreardon/ppta_dr3/pptaDataCollection/profiles//J1832-0836/t131218_044532.rf.pcm.dzt8f32.zap written to disk
/fred/oz002/dreardon/ppta_dr3/pptaDataCollection/profiles//J1832-0836/t131218_044532.rf.pcm.dzt8f32.dzTpf4 written to disk
/fred/oz002/dreardon/ppta_dr3/pptaDataCollection/profiles//J1832-0836/t131218_044532.rf.pcm.dzt8f32.dzTpf4 written to disk
/fred/oz002/dreardon/ppta_dr3/pptaDataCollection/profiles//J1832-0836/t131218_044532.rf.pcm.dzt8f32.dzTpf4 written to disk
/fred/oz002/dreardon/ppta_dr3/pptaDataCollection/profiles//J1832-0836/t131219_055322.rf.pcm.dzt8f32.zap written to disk
/fred/oz002/dreardon/ppta_dr3/pptaDataCollection/profiles//J1832-0836/t131219_055322.rf.pcm.dzt8f32.dzTpf4 written to disk
/fred/oz002/dreardon/ppta_dr3/pptaDataCollection/profiles//J1832-0836/t131219_055322.rf.pcm.dzt8f32.dzTpf4 written to disk
/fred/oz002/dreardon/ppta_dr3/pptaDataCollection/profiles//J1832-0836/t131219_055322.rf.pcm.dzt8f32.dzTpf4 written to disk
/fred/oz002/dreardon/ppta_dr3/pptaDataCollection/profiles//J1832-0836/t140110_034853.rf.pcm.dzt8f32.zap written to disk
/fred/oz002/dreardon/ppta_dr3/pptaDataCollection/profiles//J1832-0836/t140110_034853.rf.pcm.dzt8f32.dzTpf4 written to disk
/fred/oz002/dreardon/ppta_dr3/pptaDataCollection/profiles//J1832-0836/t140110_034853.rf.pcm.dzt8f32.dzTpf4 written to disk
/fred/oz002/dreardon/ppta_dr3/pptaDataCollection/profiles//J1832-0836/t140110_034853.rf.pcm.dzt8f32.dzTpf4 written to disk
/fred/oz002/dreardon/ppta_dr3/pptaDataCollection/profiles//J1832-0836/t140111_040522.rf.pcm.dzt8f32.zap written to disk
/fred/oz002/dreardon/ppta_dr3/pptaDataCollection/profiles//J1832-0836/t140111_040522.rf.pcm.dzt8f32.dzTpf4 written to disk
/fred/oz002/dreardon/ppta_dr3/pptaDataCollection/profiles//J1832-0836/t140111_040522.rf.pcm.dzt8f32.dzTpf4 written to disk
/fred/oz002/dreardon/ppta_dr3/pptaDataCollection/profiles//J1832-0836/t140111_040522.rf.pcm.dzt8f32.dzTpf4 written to disk
/fred/oz002/dreardon/ppta_dr3/pptaDataCollection/profiles//J1832-0836/t140219_201853.rf.pcm.dzt8f32.zap written to disk
/fred/oz002/dreardon/ppta_dr3/pptaDataCollection/profiles//J1832-0836/t140219_201853.rf.pcm.dzt8f32.dzTpf4 written to disk
/fred/oz002/dreardon/ppta_dr3/pptaDataCollection/profiles//J1832-0836/t140219_201853.rf.pcm.dzt8f32.dzTpf4 written to disk
/fred/oz002/dreardon/ppta_dr3/pptaDataCollection/profiles//J1832-0836/t140219_201853.rf.pcm.dzt8f32.dzTpf4 written to disk
/fred/oz002/dreardon/ppta_dr3/pptaDataCollection/profiles//J1832-0836/t140321_220850.rf.pcm.dzt8f32.zap written to disk
/fred/oz002/dreardon/ppta_dr3/pptaDataCollection/profiles//J1832-0836/t140321_220850.rf.pcm.dzt8f32.dzTpf4 written to disk
/fred/oz002/dreardon/ppta_dr3/pptaDataCollection/profiles//J1832-0836/t140321_220850.rf.pcm.dzt8f32.dzTpf4 written to disk
/fred/oz002/dreardon/ppta_dr3/pptaDataCollection/profiles//J1832-0836/t140321_220850.rf.pcm.dzt8f32.dzTpf4 written to disk
/fred/oz002/dreardon/ppta_dr3/pptaDataCollection/profiles//J1832-0836/t140322_172920.rf.pcm.dzt8f32.zap written to disk
/fred/oz002/dreardon/ppta_dr3/pptaDataCollection/profiles//J1832-0836/t140322_172920.rf.pcm.dzt8f32.dzTpf4 written to disk
/fred/oz002/dreardon/ppta_dr3/pptaDataCollection/profiles//J1832-0836/t140322_172920.rf.pcm.dzt8f32.dzTpf4 written to disk
/fred/oz002/dreardon/ppta_dr3/pptaDataCollection/profiles//J1832-0836/t140322_172920.rf.pcm.dzt8f32.dzTpf4 written to disk
/fred/oz002/dreardon/ppta_dr3/pptaDataCollection/profiles//J1832-0836/t140409_215432.rf.pcm.dzt8f32.zap written to disk
/fred/oz002/dreardon/ppta_dr3/pptaDataCollection/profiles//J1832-0836/t140409_215432.rf.pcm.dzt8f32.dzTpf4 written to disk
/fred/oz002/dreardon/ppta_dr3/pptaDataCollection/profiles//J1832-0836/t140409_215432.rf.pcm.dzt8f32.dzTpf4 written to disk
/fred/oz002/dreardon/ppta_dr3/pptaDataCollection/profiles//J1832-0836/t140409_215432.rf.pcm.dzt8f32.dzTpf4 written to disk
/fred/oz002/dreardon/ppta_dr3/pptaDataCollection/profiles//J1832-0836/t140410_213122.rf.pcm.dzt8f32.zap written to disk
/fred/oz002/dreardon/ppta_dr3/pptaDataCollection/profiles//J1832-0836/t140410_213122.rf.pcm.dzt8f32.dzTpf4 written to disk
/fred/oz002/dreardon/ppta_dr3/pptaDataCollection/profiles//J1832-0836/t140410_213122.rf.pcm.dzt8f32.dzTpf4 written to disk
/fred/oz002/dreardon/ppta_dr3/pptaDataCollection/profiles//J1832-0836/t140410_213122.rf.pcm.dzt8f32.dzTpf4 written to disk
/fred/oz002/dreardon/ppta_dr3/pptaDataCollection/profiles//J1832-0836/t140411_184514.rf.pcm.dzt8f32.zap written to disk
/fred/oz002/dreardon/ppta_dr3/pptaDataCollection/profiles//J1832-0836/t140411_184514.rf.pcm.dzt8f32.dzTpf4 written to disk
/fred/oz002/dreardon/ppta_dr3/pptaDataCollection/profiles//J1832-0836/t140411_184514.rf.pcm.dzt8f32.dzTpf4 written to disk
/fred/oz002/dreardon/ppta_dr3/pptaDataCollection/profiles//J1832-0836/t140411_184514.rf.pcm.dzt8f32.dzTpf4 written to disk
/fred/oz002/dreardon/ppta_dr3/pptaDataCollection/profiles//J1832-0836/t140411_195302.rf.pcm.dzt8f32.zap written to disk
/fred/oz002/dreardon/ppta_dr3/pptaDataCollection/profiles//J1832-0836/t140411_195302.rf.pcm.dzt8f32.dzTpf4 written to disk
/fred/oz002/dreardon/ppta_dr3/pptaDataCollection/profiles//J1832-0836/t140411_195302.rf.pcm.dzt8f32.dzTpf4 written to disk
/fred/oz002/dreardon/ppta_dr3/pptaDataCollection/profiles//J1832-0836/t140411_195302.rf.pcm.dzt8f32.dzTpf4 written to disk
/fred/oz002/dreardon/ppta_dr3/pptaDataCollection/profiles//J1832-0836/t140424_210232.rf.pcm.dzt8f32.zap written to disk
/fred/oz002/dreardon/ppta_dr3/pptaDataCollection/profiles//J1832-0836/t140424_210232.rf.pcm.dzt8f32.dzTpf4 written to disk
/fred/oz002/dreardon/ppta_dr3/pptaDataCollection/profiles//J1832-0836/t140424_210232.rf.pcm.dzt8f32.dzTpf4 written to disk
/fred/oz002/dreardon/ppta_dr3/pptaDataCollection/profiles//J1832-0836/t140424_210232.rf.pcm.dzt8f32.dzTpf4 written to disk
/fred/oz002/dreardon/ppta_dr3/pptaDataCollection/profiles//J1832-0836/t140427_212321.rf.pcm.dzt8f32.zap written to disk
/fred/oz002/dreardon/ppta_dr3/pptaDataCollection/profiles//J1832-0836/t140427_212321.rf.pcm.dzt8f32.dzTpf4 written to disk
/fred/oz002/dreardon/ppta_dr3/pptaDataCollection/profiles//J1832-0836/t140427_212321.rf.pcm.dzt8f32.dzTpf4 written to disk
/fred/oz002/dreardon/ppta_dr3/pptaDataCollection/profiles//J1832-0836/t140427_212321.rf.pcm.dzt8f32.dzTpf4 written to disk
/fred/oz002/dreardon/ppta_dr3/pptaDataCollection/profiles//J1832-0836/t140521_141032.rf.pcm.dzt8f32.zap written to disk
/fred/oz002/dreardon/ppta_dr3/pptaDataCollection/profiles//J1832-0836/t140521_141032.rf.pcm.dzt8f32.dzTpf4 written to disk
/fred/oz002/dreardon/ppta_dr3/pptaDataCollection/profiles//J1832-0836/t140521_141032.rf.pcm.dzt8f32.dzTpf4 written to disk
/fred/oz002/dreardon/ppta_dr3/pptaDataCollection/profiles//J1832-0836/t140521_141032.rf.pcm.dzt8f32.dzTpf4 written to disk
/fred/oz002/dreardon/ppta_dr3/pptaDataCollection/profiles//J1832-0836/t140927_055922.rf.pcm.dzt8f32.zap written to disk
/fred/oz002/dreardon/ppta_dr3/pptaDataCollection/profiles//J1832-0836/t140927_055922.rf.pcm.dzt8f32.dzTpf4 written to disk
/fred/oz002/dreardon/ppta_dr3/pptaDataCollection/profiles//J1832-0836/t140927_055922.rf.pcm.dzt8f32.dzTpf4 written to disk
/fred/oz002/dreardon/ppta_dr3/pptaDataCollection/profiles//J1832-0836/t140927_055922.rf.pcm.dzt8f32.dzTpf4 written to disk
/fred/oz002/dreardon/ppta_dr3/pptaDataCollection/profiles//J1832-0836/t141010_082303.rf.pcm.dzt8f32.zap written to disk
/fred/oz002/dreardon/ppta_dr3/pptaDataCollection/profiles//J1832-0836/t141010_082303.rf.pcm.dzt8f32.dzTpf4 written to disk
/fred/oz002/dreardon/ppta_dr3/pptaDataCollection/profiles//J1832-0836/t141010_082303.rf.pcm.dzt8f32.dzTpf4 written to disk
/fred/oz002/dreardon/ppta_dr3/pptaDataCollection/profiles//J1832-0836/t141010_082303.rf.pcm.dzt8f32.dzTpf4 written to disk
/fred/oz002/dreardon/ppta_dr3/pptaDataCollection/profiles//J1832-0836/t141011_094043.rf.pcm.dzt8f32.zap written to disk
/fred/oz002/dreardon/ppta_dr3/pptaDataCollection/profiles//J1832-0836/t141011_094043.rf.pcm.dzt8f32.dzTpf4 written to disk
/fred/oz002/dreardon/ppta_dr3/pptaDataCollection/profiles//J1832-0836/t141011_094043.rf.pcm.dzt8f32.dzTpf4 written to disk
/fred/oz002/dreardon/ppta_dr3/pptaDataCollection/profiles//J1832-0836/t141011_094043.rf.pcm.dzt8f32.dzTpf4 written to disk
/fred/oz002/dreardon/ppta_dr3/pptaDataCollection/profiles//J1832-0836/t141129_033703.rf.pcm.dzt8f32.zap written to disk
/fred/oz002/dreardon/ppta_dr3/pptaDataCollection/profiles//J1832-0836/t141129_033703.rf.pcm.dzt8f32.dzTpf4 written to disk
/fred/oz002/dreardon/ppta_dr3/pptaDataCollection/profiles//J1832-0836/t141129_033703.rf.pcm.dzt8f32.dzTpf4 written to disk
/fred/oz002/dreardon/ppta_dr3/pptaDataCollection/profiles//J1832-0836/t141129_033703.rf.pcm.dzt8f32.dzTpf4 written to disk
/fred/oz002/dreardon/ppta_dr3/pptaDataCollection/profiles//J1832-0836/t150107_233831.rf.pcm.dzt8f32.zap written to disk
/fred/oz002/dreardon/ppta_dr3/pptaDataCollection/profiles//J1832-0836/t150107_233831.rf.pcm.dzt8f32.dzTpf4 written to disk
/fred/oz002/dreardon/ppta_dr3/pptaDataCollection/profiles//J1832-0836/t150107_233831.rf.pcm.dzt8f32.dzTpf4 written to disk
/fred/oz002/dreardon/ppta_dr3/pptaDataCollection/profiles//J1832-0836/t150107_233831.rf.pcm.dzt8f32.dzTpf4 written to disk
/fred/oz002/dreardon/ppta_dr3/pptaDataCollection/profiles//J1832-0836/t150108_033941.rf.pcm.dzt8f32.zap written to disk
/fred/oz002/dreardon/ppta_dr3/pptaDataCollection/profiles//J1832-0836/t150108_033941.rf.pcm.dzt8f32.dzTpf4 written to disk
/fred/oz002/dreardon/ppta_dr3/pptaDataCollection/profiles//J1832-0836/t150108_033941.rf.pcm.dzt8f32.dzTpf4 written to disk
/fred/oz002/dreardon/ppta_dr3/pptaDataCollection/profiles//J1832-0836/t150108_033941.rf.pcm.dzt8f32.dzTpf4 written to disk
/fred/oz002/dreardon/ppta_dr3/pptaDataCollection/profiles//J1832-0836/t150222_011222.rf.pcm.dzt8f32.zap written to disk
/fred/oz002/dreardon/ppta_dr3/pptaDataCollection/profiles//J1832-0836/t150222_011222.rf.pcm.dzt8f32.dzTpf4 written to disk
/fred/oz002/dreardon/ppta_dr3/pptaDataCollection/profiles//J1832-0836/t150222_011222.rf.pcm.dzt8f32.dzTpf4 written to disk
/fred/oz002/dreardon/ppta_dr3/pptaDataCollection/profiles//J1832-0836/t150222_011222.rf.pcm.dzt8f32.dzTpf4 written to disk
/fred/oz002/dreardon/ppta_dr3/pptaDataCollection/profiles//J1832-0836/t150223_001632.rf.pcm.dzt8f32.zap written to disk
/fred/oz002/dreardon/ppta_dr3/pptaDataCollection/profiles//J1832-0836/t150223_001632.rf.pcm.dzt8f32.dzTpf4 written to disk
/fred/oz002/dreardon/ppta_dr3/pptaDataCollection/profiles//J1832-0836/t150223_001632.rf.pcm.dzt8f32.dzTpf4 written to disk
/fred/oz002/dreardon/ppta_dr3/pptaDataCollection/profiles//J1832-0836/t150223_001632.rf.pcm.dzt8f32.dzTpf4 written to disk
/fred/oz002/dreardon/ppta_dr3/pptaDataCollection/profiles//J1832-0836/t150308_204734.rf.pcm.dzt8f32.zap written to disk
/fred/oz002/dreardon/ppta_dr3/pptaDataCollection/profiles//J1832-0836/t150308_204734.rf.pcm.dzt8f32.dzTpf4 written to disk
/fred/oz002/dreardon/ppta_dr3/pptaDataCollection/profiles//J1832-0836/t150308_204734.rf.pcm.dzt8f32.dzTpf4 written to disk
/fred/oz002/dreardon/ppta_dr3/pptaDataCollection/profiles//J1832-0836/t150308_204734.rf.pcm.dzt8f32.dzTpf4 written to disk
/fred/oz002/dreardon/ppta_dr3/pptaDataCollection/profiles//J1832-0836/t150416_203403.rf.pcm.dzt8f32.zap written to disk
/fred/oz002/dreardon/ppta_dr3/pptaDataCollection/profiles//J1832-0836/t150416_203403.rf.pcm.dzt8f32.dzTpf4 written to disk
/fred/oz002/dreardon/ppta_dr3/pptaDataCollection/profiles//J1832-0836/t150416_203403.rf.pcm.dzt8f32.dzTpf4 written to disk
/fred/oz002/dreardon/ppta_dr3/pptaDataCollection/profiles//J1832-0836/t150416_203403.rf.pcm.dzt8f32.dzTpf4 written to disk
/fred/oz002/dreardon/ppta_dr3/pptaDataCollection/profiles//J1832-0836/t150629_120514.rf.pcm.dzt8f32.zap written to disk
/fred/oz002/dreardon/ppta_dr3/pptaDataCollection/profiles//J1832-0836/t150629_120514.rf.pcm.dzt8f32.dzTpf4 written to disk
/fred/oz002/dreardon/ppta_dr3/pptaDataCollection/profiles//J1832-0836/t150629_120514.rf.pcm.dzt8f32.dzTpf4 written to disk
/fred/oz002/dreardon/ppta_dr3/pptaDataCollection/profiles//J1832-0836/t150629_120514.rf.pcm.dzt8f32.dzTpf4 written to disk
/fred/oz002/dreardon/ppta_dr3/pptaDataCollection/profiles//J1832-0836/t150831_133643.rf.pcm.dzt8f32.zap written to disk
/fred/oz002/dreardon/ppta_dr3/pptaDataCollection/profiles//J1832-0836/t150831_133643.rf.pcm.dzt8f32.dzTpf4 written to disk
/fred/oz002/dreardon/ppta_dr3/pptaDataCollection/profiles//J1832-0836/t150831_133643.rf.pcm.dzt8f32.dzTpf4 written to disk
/fred/oz002/dreardon/ppta_dr3/pptaDataCollection/profiles//J1832-0836/t150831_133643.rf.pcm.dzt8f32.dzTpf4 written to disk
/fred/oz002/dreardon/ppta_dr3/pptaDataCollection/profiles//J1832-0836/t150923_072434.rf.pcm.dzt8f32.zap written to disk
/fred/oz002/dreardon/ppta_dr3/pptaDataCollection/profiles//J1832-0836/t150923_072434.rf.pcm.dzt8f32.dzTpf4 written to disk
/fred/oz002/dreardon/ppta_dr3/pptaDataCollection/profiles//J1832-0836/t150923_072434.rf.pcm.dzt8f32.dzTpf4 written to disk
/fred/oz002/dreardon/ppta_dr3/pptaDataCollection/profiles//J1832-0836/t150923_072434.rf.pcm.dzt8f32.dzTpf4 written to disk
/fred/oz002/dreardon/ppta_dr3/pptaDataCollection/profiles//J1832-0836/t151009_102551.rf.pcm.dzt8f32.zap written to disk
/fred/oz002/dreardon/ppta_dr3/pptaDataCollection/profiles//J1832-0836/t151009_102551.rf.pcm.dzt8f32.dzTpf4 written to disk
/fred/oz002/dreardon/ppta_dr3/pptaDataCollection/profiles//J1832-0836/t151009_102551.rf.pcm.dzt8f32.dzTpf4 written to disk
/fred/oz002/dreardon/ppta_dr3/pptaDataCollection/profiles//J1832-0836/t151009_102551.rf.pcm.dzt8f32.dzTpf4 written to disk
/fred/oz002/dreardon/ppta_dr3/pptaDataCollection/profiles//J1832-0836/t160318_173121.rf.pcm.dzt8f32.zap written to disk
/fred/oz002/dreardon/ppta_dr3/pptaDataCollection/profiles//J1832-0836/t160318_173121.rf.pcm.dzt8f32.dzTpf4 written to disk
/fred/oz002/dreardon/ppta_dr3/pptaDataCollection/profiles//J1832-0836/t160318_173121.rf.pcm.dzt8f32.dzTpf4 written to disk
/fred/oz002/dreardon/ppta_dr3/pptaDataCollection/profiles//J1832-0836/t160318_173121.rf.pcm.dzt8f32.dzTpf4 written to disk
/fred/oz002/dreardon/ppta_dr3/pptaDataCollection/profiles//J1832-0836/t160401_193805.rf.pcm.dzt8f32.zap written to disk
/fred/oz002/dreardon/ppta_dr3/pptaDataCollection/profiles//J1832-0836/t160401_193805.rf.pcm.dzt8f32.dzTpf4 written to disk
/fred/oz002/dreardon/ppta_dr3/pptaDataCollection/profiles//J1832-0836/t160401_193805.rf.pcm.dzt8f32.dzTpf4 written to disk
/fred/oz002/dreardon/ppta_dr3/pptaDataCollection/profiles//J1832-0836/t160401_193805.rf.pcm.dzt8f32.dzTpf4 written to disk
/fred/oz002/dreardon/ppta_dr3/pptaDataCollection/profiles//J1832-0836/t160506_181425.rf.pcm.dzt8f32.zap written to disk
/fred/oz002/dreardon/ppta_dr3/pptaDataCollection/profiles//J1832-0836/t160506_181425.rf.pcm.dzt8f32.dzTpf4 written to disk
/fred/oz002/dreardon/ppta_dr3/pptaDataCollection/profiles//J1832-0836/t160506_181425.rf.pcm.dzt8f32.dzTpf4 written to disk
/fred/oz002/dreardon/ppta_dr3/pptaDataCollection/profiles//J1832-0836/t160506_181425.rf.pcm.dzt8f32.dzTpf4 written to disk
/fred/oz002/dreardon/ppta_dr3/pptaDataCollection/profiles//J1832-0836/t160716_141346.rf.pcm.dzt8f32.zap written to disk
/fred/oz002/dreardon/ppta_dr3/pptaDataCollection/profiles//J1832-0836/t160716_141346.rf.pcm.dzt8f32.dzTpf4 written to disk
/fred/oz002/dreardon/ppta_dr3/pptaDataCollection/profiles//J1832-0836/t160716_141346.rf.pcm.dzt8f32.dzTpf4 written to disk
/fred/oz002/dreardon/ppta_dr3/pptaDataCollection/profiles//J1832-0836/t160716_141346.rf.pcm.dzt8f32.dzTpf4 written to disk
/fred/oz002/dreardon/ppta_dr3/pptaDataCollection/profiles//J1832-0836/t160717_143654.rf.pcm.dzt8f32.zap written to disk
/fred/oz002/dreardon/ppta_dr3/pptaDataCollection/profiles//J1832-0836/t160717_143654.rf.pcm.dzt8f32.dzTpf4 written to disk
/fred/oz002/dreardon/ppta_dr3/pptaDataCollection/profiles//J1832-0836/t160717_143654.rf.pcm.dzt8f32.dzTpf4 written to disk
/fred/oz002/dreardon/ppta_dr3/pptaDataCollection/profiles//J1832-0836/t160717_143654.rf.pcm.dzt8f32.dzTpf4 written to disk
/fred/oz002/dreardon/ppta_dr3/pptaDataCollection/profiles//J1832-0836/t160726_131132.rf.pcm.dzt8f32.zap written to disk
/fred/oz002/dreardon/ppta_dr3/pptaDataCollection/profiles//J1832-0836/t160726_131132.rf.pcm.dzt8f32.dzTpf4 written to disk
/fred/oz002/dreardon/ppta_dr3/pptaDataCollection/profiles//J1832-0836/t160726_131132.rf.pcm.dzt8f32.dzTpf4 written to disk
/fred/oz002/dreardon/ppta_dr3/pptaDataCollection/profiles//J1832-0836/t160726_131132.rf.pcm.dzt8f32.dzTpf4 written to disk
/fred/oz002/dreardon/ppta_dr3/pptaDataCollection/profiles//J1832-0836/t160811_130451.rf.pcm.dzt8f32.zap written to disk
/fred/oz002/dreardon/ppta_dr3/pptaDataCollection/profiles//J1832-0836/t160811_130451.rf.pcm.dzt8f32.dzTpf4 written to disk
/fred/oz002/dreardon/ppta_dr3/pptaDataCollection/profiles//J1832-0836/t160811_130451.rf.pcm.dzt8f32.dzTpf4 written to disk
/fred/oz002/dreardon/ppta_dr3/pptaDataCollection/profiles//J1832-0836/t160811_130451.rf.pcm.dzt8f32.dzTpf4 written to disk
/fred/oz002/dreardon/ppta_dr3/pptaDataCollection/profiles//J1832-0836/t160812_120352.rf.pcm.dzt8f32.zap written to disk
/fred/oz002/dreardon/ppta_dr3/pptaDataCollection/profiles//J1832-0836/t160812_120352.rf.pcm.dzt8f32.dzTpf4 written to disk
/fred/oz002/dreardon/ppta_dr3/pptaDataCollection/profiles//J1832-0836/t160812_120352.rf.pcm.dzt8f32.dzTpf4 written to disk
/fred/oz002/dreardon/ppta_dr3/pptaDataCollection/profiles//J1832-0836/t160812_120352.rf.pcm.dzt8f32.dzTpf4 written to disk
/fred/oz002/dreardon/ppta_dr3/pptaDataCollection/profiles//J1832-0836/t160930_072203.rf.pcm.dzt8f32.zap written to disk
/fred/oz002/dreardon/ppta_dr3/pptaDataCollection/profiles//J1832-0836/t160930_072203.rf.pcm.dzt8f32.dzTpf4 written to disk
/fred/oz002/dreardon/ppta_dr3/pptaDataCollection/profiles//J1832-0836/t160930_072203.rf.pcm.dzt8f32.dzTpf4 written to disk
/fred/oz002/dreardon/ppta_dr3/pptaDataCollection/profiles//J1832-0836/t160930_072203.rf.pcm.dzt8f32.dzTpf4 written to disk
/fred/oz002/dreardon/ppta_dr3/pptaDataCollection/profiles//J1832-0836/t161001_071132.rf.pcm.dzt8f32.zap written to disk
/fred/oz002/dreardon/ppta_dr3/pptaDataCollection/profiles//J1832-0836/t161001_071132.rf.pcm.dzt8f32.dzTpf4 written to disk
/fred/oz002/dreardon/ppta_dr3/pptaDataCollection/profiles//J1832-0836/t161001_071132.rf.pcm.dzt8f32.dzTpf4 written to disk
/fred/oz002/dreardon/ppta_dr3/pptaDataCollection/profiles//J1832-0836/t161001_071132.rf.pcm.dzt8f32.dzTpf4 written to disk
/fred/oz002/dreardon/ppta_dr3/pptaDataCollection/profiles//J1832-0836/t161023_070454.rf.pcm.dzt8f32.zap written to disk
/fred/oz002/dreardon/ppta_dr3/pptaDataCollection/profiles//J1832-0836/t161023_070454.rf.pcm.dzt8f32.dzTpf4 written to disk
/fred/oz002/dreardon/ppta_dr3/pptaDataCollection/profiles//J1832-0836/t161023_070454.rf.pcm.dzt8f32.dzTpf4 written to disk
/fred/oz002/dreardon/ppta_dr3/pptaDataCollection/profiles//J1832-0836/t161023_070454.rf.pcm.dzt8f32.dzTpf4 written to disk
/fred/oz002/dreardon/ppta_dr3/pptaDataCollection/profiles//J1832-0836/t161205_062620.rf.pcm.dzt8f32.zap written to disk
/fred/oz002/dreardon/ppta_dr3/pptaDataCollection/profiles//J1832-0836/t161205_062620.rf.pcm.dzt8f32.dzTpf4 written to disk
/fred/oz002/dreardon/ppta_dr3/pptaDataCollection/profiles//J1832-0836/t161205_062620.rf.pcm.dzt8f32.dzTpf4 written to disk
/fred/oz002/dreardon/ppta_dr3/pptaDataCollection/profiles//J1832-0836/t161205_062620.rf.pcm.dzt8f32.dzTpf4 written to disk
/fred/oz002/dreardon/ppta_dr3/pptaDataCollection/profiles//J1832-0836/t161220_053931.rf.pcm.dzt8f32.zap written to disk
/fred/oz002/dreardon/ppta_dr3/pptaDataCollection/profiles//J1832-0836/t161220_053931.rf.pcm.dzt8f32.dzTpf4 written to disk
/fred/oz002/dreardon/ppta_dr3/pptaDataCollection/profiles//J1832-0836/t161220_053931.rf.pcm.dzt8f32.dzTpf4 written to disk
/fred/oz002/dreardon/ppta_dr3/pptaDataCollection/profiles//J1832-0836/t161220_053931.rf.pcm.dzt8f32.dzTpf4 written to disk
/fred/oz002/dreardon/ppta_dr3/pptaDataCollection/profiles//J1832-0836/t170104_043711.rf.pcm.dzt8f32.zap written to disk
/fred/oz002/dreardon/ppta_dr3/pptaDataCollection/profiles//J1832-0836/t170104_043711.rf.pcm.dzt8f32.dzTpf4 written to disk
/fred/oz002/dreardon/ppta_dr3/pptaDataCollection/profiles//J1832-0836/t170104_043711.rf.pcm.dzt8f32.dzTpf4 written to disk
/fred/oz002/dreardon/ppta_dr3/pptaDataCollection/profiles//J1832-0836/t170104_043711.rf.pcm.dzt8f32.dzTpf4 written to disk
/fred/oz002/dreardon/ppta_dr3/pptaDataCollection/profiles//J1832-0836/t170128_012853.rf.pcm.dzt8f32.zap written to disk
/fred/oz002/dreardon/ppta_dr3/pptaDataCollection/profiles//J1832-0836/t170128_012853.rf.pcm.dzt8f32.dzTpf4 written to disk
/fred/oz002/dreardon/ppta_dr3/pptaDataCollection/profiles//J1832-0836/t170128_012853.rf.pcm.dzt8f32.dzTpf4 written to disk
/fred/oz002/dreardon/ppta_dr3/pptaDataCollection/profiles//J1832-0836/t170128_012853.rf.pcm.dzt8f32.dzTpf4 written to disk
/fred/oz002/dreardon/ppta_dr3/pptaDataCollection/profiles//J1832-0836/t170129_202451.rf.pcm.dzt8f32.zap written to disk
/fred/oz002/dreardon/ppta_dr3/pptaDataCollection/profiles//J1832-0836/t170129_202451.rf.pcm.dzt8f32.dzTpf4 written to disk
/fred/oz002/dreardon/ppta_dr3/pptaDataCollection/profiles//J1832-0836/t170129_202451.rf.pcm.dzt8f32.dzTpf4 written to disk
/fred/oz002/dreardon/ppta_dr3/pptaDataCollection/profiles//J1832-0836/t170129_202451.rf.pcm.dzt8f32.dzTpf4 written to disk
/fred/oz002/dreardon/ppta_dr3/pptaDataCollection/profiles//J1832-0836/t170129_214312.rf.pcm.dzt8f32.zap written to disk
/fred/oz002/dreardon/ppta_dr3/pptaDataCollection/profiles//J1832-0836/t170129_214312.rf.pcm.dzt8f32.dzTpf4 written to disk
/fred/oz002/dreardon/ppta_dr3/pptaDataCollection/profiles//J1832-0836/t170129_214312.rf.pcm.dzt8f32.dzTpf4 written to disk
/fred/oz002/dreardon/ppta_dr3/pptaDataCollection/profiles//J1832-0836/t170129_214312.rf.pcm.dzt8f32.dzTpf4 written to disk
/fred/oz002/dreardon/ppta_dr3/pptaDataCollection/profiles//J1832-0836/t170209_030121.rf.pcm.dzt8f32.zap written to disk
/fred/oz002/dreardon/ppta_dr3/pptaDataCollection/profiles//J1832-0836/t170209_030121.rf.pcm.dzt8f32.dzTpf4 written to disk
/fred/oz002/dreardon/ppta_dr3/pptaDataCollection/profiles//J1832-0836/t170209_030121.rf.pcm.dzt8f32.dzTpf4 written to disk
/fred/oz002/dreardon/ppta_dr3/pptaDataCollection/profiles//J1832-0836/t170209_030121.rf.pcm.dzt8f32.dzTpf4 written to disk
/fred/oz002/dreardon/ppta_dr3/pptaDataCollection/profiles//J1832-0836/t170210_201821.rf.pcm.dzt8f32.zap written to disk
/fred/oz002/dreardon/ppta_dr3/pptaDataCollection/profiles//J1832-0836/t170210_201821.rf.pcm.dzt8f32.dzTpf4 written to disk
/fred/oz002/dreardon/ppta_dr3/pptaDataCollection/profiles//J1832-0836/t170210_201821.rf.pcm.dzt8f32.dzTpf4 written to disk
/fred/oz002/dreardon/ppta_dr3/pptaDataCollection/profiles//J1832-0836/t170210_201821.rf.pcm.dzt8f32.dzTpf4 written to disk
/fred/oz002/dreardon/ppta_dr3/pptaDataCollection/profiles//J1832-0836/t170305_204704.rf.pcm.dzt8f32.zap written to disk
/fred/oz002/dreardon/ppta_dr3/pptaDataCollection/profiles//J1832-0836/t170305_204704.rf.pcm.dzt8f32.dzTpf4 written to disk
/fred/oz002/dreardon/ppta_dr3/pptaDataCollection/profiles//J1832-0836/t170305_204704.rf.pcm.dzt8f32.dzTpf4 written to disk
/fred/oz002/dreardon/ppta_dr3/pptaDataCollection/profiles//J1832-0836/t170305_204704.rf.pcm.dzt8f32.dzTpf4 written to disk
/fred/oz002/dreardon/ppta_dr3/pptaDataCollection/profiles//J1832-0836/t170323_190013.rf.pcm.dzt8f32.zap written to disk
/fred/oz002/dreardon/ppta_dr3/pptaDataCollection/profiles//J1832-0836/t170323_190013.rf.pcm.dzt8f32.dzTpf4 written to disk
/fred/oz002/dreardon/ppta_dr3/pptaDataCollection/profiles//J1832-0836/t170323_190013.rf.pcm.dzt8f32.dzTpf4 written to disk
/fred/oz002/dreardon/ppta_dr3/pptaDataCollection/profiles//J1832-0836/t170323_190013.rf.pcm.dzt8f32.dzTpf4 written to disk
/fred/oz002/dreardon/ppta_dr3/pptaDataCollection/profiles//J1832-0836/t170413_182232.rf.pcm.dzt8f32.zap written to disk
/fred/oz002/dreardon/ppta_dr3/pptaDataCollection/profiles//J1832-0836/t170413_182232.rf.pcm.dzt8f32.dzTpf4 written to disk
/fred/oz002/dreardon/ppta_dr3/pptaDataCollection/profiles//J1832-0836/t170413_182232.rf.pcm.dzt8f32.dzTpf4 written to disk
/fred/oz002/dreardon/ppta_dr3/pptaDataCollection/profiles//J1832-0836/t170413_182232.rf.pcm.dzt8f32.dzTpf4 written to disk
/fred/oz002/dreardon/ppta_dr3/pptaDataCollection/profiles//J1832-0836/t170415_185924.rf.pcm.dzt8f32.zap written to disk
/fred/oz002/dreardon/ppta_dr3/pptaDataCollection/profiles//J1832-0836/t170415_185924.rf.pcm.dzt8f32.dzTpf4 written to disk
/fred/oz002/dreardon/ppta_dr3/pptaDataCollection/profiles//J1832-0836/t170415_185924.rf.pcm.dzt8f32.dzTpf4 written to disk
/fred/oz002/dreardon/ppta_dr3/pptaDataCollection/profiles//J1832-0836/t170415_185924.rf.pcm.dzt8f32.dzTpf4 written to disk
/fred/oz002/dreardon/ppta_dr3/pptaDataCollection/profiles//J1832-0836/t170428_202144.rf.pcm.dzt8f32.zap written to disk
/fred/oz002/dreardon/ppta_dr3/pptaDataCollection/profiles//J1832-0836/t170428_202144.rf.pcm.dzt8f32.dzTpf4 written to disk
/fred/oz002/dreardon/ppta_dr3/pptaDataCollection/profiles//J1832-0836/t170428_202144.rf.pcm.dzt8f32.dzTpf4 written to disk
/fred/oz002/dreardon/ppta_dr3/pptaDataCollection/profiles//J1832-0836/t170428_202144.rf.pcm.dzt8f32.dzTpf4 written to disk
/fred/oz002/dreardon/ppta_dr3/pptaDataCollection/profiles//J1832-0836/t170623_173654.rf.pcm.dzt8f32.zap written to disk
/fred/oz002/dreardon/ppta_dr3/pptaDataCollection/profiles//J1832-0836/t170623_173654.rf.pcm.dzt8f32.dzTpf4 written to disk
/fred/oz002/dreardon/ppta_dr3/pptaDataCollection/profiles//J1832-0836/t170623_173654.rf.pcm.dzt8f32.dzTpf4 written to disk
/fred/oz002/dreardon/ppta_dr3/pptaDataCollection/profiles//J1832-0836/t170623_173654.rf.pcm.dzt8f32.dzTpf4 written to disk
/fred/oz002/dreardon/ppta_dr3/pptaDataCollection/profiles//J1832-0836/t170624_105751.rf.pcm.dzt8f32.zap written to disk
/fred/oz002/dreardon/ppta_dr3/pptaDataCollection/profiles//J1832-0836/t170624_105751.rf.pcm.dzt8f32.dzTpf4 written to disk
/fred/oz002/dreardon/ppta_dr3/pptaDataCollection/profiles//J1832-0836/t170624_105751.rf.pcm.dzt8f32.dzTpf4 written to disk
/fred/oz002/dreardon/ppta_dr3/pptaDataCollection/profiles//J1832-0836/t170624_105751.rf.pcm.dzt8f32.dzTpf4 written to disk
/fred/oz002/dreardon/ppta_dr3/pptaDataCollection/profiles//J1832-0836/t170714_101501.rf.pcm.dzt8f32.zap written to disk
/fred/oz002/dreardon/ppta_dr3/pptaDataCollection/profiles//J1832-0836/t170714_101501.rf.pcm.dzt8f32.dzTpf4 written to disk
/fred/oz002/dreardon/ppta_dr3/pptaDataCollection/profiles//J1832-0836/t170714_101501.rf.pcm.dzt8f32.dzTpf4 written to disk
/fred/oz002/dreardon/ppta_dr3/pptaDataCollection/profiles//J1832-0836/t170714_101501.rf.pcm.dzt8f32.dzTpf4 written to disk
/fred/oz002/dreardon/ppta_dr3/pptaDataCollection/profiles//J1832-0836/t170803_140811.rf.pcm.dzt8f32.zap written to disk
/fred/oz002/dreardon/ppta_dr3/pptaDataCollection/profiles//J1832-0836/t170803_140811.rf.pcm.dzt8f32.dzTpf4 written to disk
/fred/oz002/dreardon/ppta_dr3/pptaDataCollection/profiles//J1832-0836/t170803_140811.rf.pcm.dzt8f32.dzTpf4 written to disk
/fred/oz002/dreardon/ppta_dr3/pptaDataCollection/profiles//J1832-0836/t170803_140811.rf.pcm.dzt8f32.dzTpf4 written to disk
/fred/oz002/dreardon/ppta_dr3/pptaDataCollection/profiles//J1832-0836/t170925_104612.rf.pcm.dzt8f32.zap written to disk
/fred/oz002/dreardon/ppta_dr3/pptaDataCollection/profiles//J1832-0836/t170925_104612.rf.pcm.dzt8f32.dzTpf4 written to disk
/fred/oz002/dreardon/ppta_dr3/pptaDataCollection/profiles//J1832-0836/t170925_104612.rf.pcm.dzt8f32.dzTpf4 written to disk
/fred/oz002/dreardon/ppta_dr3/pptaDataCollection/profiles//J1832-0836/t170925_104612.rf.pcm.dzt8f32.dzTpf4 written to disk
/fred/oz002/dreardon/ppta_dr3/pptaDataCollection/profiles//J1832-0836/t171013_101432.rf.pcm.dzt8f32.zap written to disk
/fred/oz002/dreardon/ppta_dr3/pptaDataCollection/profiles//J1832-0836/t171013_101432.rf.pcm.dzt8f32.dzTpf4 written to disk
/fred/oz002/dreardon/ppta_dr3/pptaDataCollection/profiles//J1832-0836/t171013_101432.rf.pcm.dzt8f32.dzTpf4 written to disk
/fred/oz002/dreardon/ppta_dr3/pptaDataCollection/profiles//J1832-0836/t171013_101432.rf.pcm.dzt8f32.dzTpf4 written to disk
/fred/oz002/dreardon/ppta_dr3/pptaDataCollection/profiles//J1832-0836/t171105_084612.rf.pcm.dzt8f32.zap written to disk
/fred/oz002/dreardon/ppta_dr3/pptaDataCollection/profiles//J1832-0836/t171105_084612.rf.pcm.dzt8f32.dzTpf4 written to disk
/fred/oz002/dreardon/ppta_dr3/pptaDataCollection/profiles//J1832-0836/t171105_084612.rf.pcm.dzt8f32.dzTpf4 written to disk
/fred/oz002/dreardon/ppta_dr3/pptaDataCollection/profiles//J1832-0836/t171105_084612.rf.pcm.dzt8f32.dzTpf4 written to disk
/fred/oz002/dreardon/ppta_dr3/pptaDataCollection/profiles//J1832-0836/t171106_090743.rf.pcm.dzt8f32.zap written to disk
/fred/oz002/dreardon/ppta_dr3/pptaDataCollection/profiles//J1832-0836/t171106_090743.rf.pcm.dzt8f32.dzTpf4 written to disk
/fred/oz002/dreardon/ppta_dr3/pptaDataCollection/profiles//J1832-0836/t171106_090743.rf.pcm.dzt8f32.dzTpf4 written to disk
/fred/oz002/dreardon/ppta_dr3/pptaDataCollection/profiles//J1832-0836/t171106_090743.rf.pcm.dzt8f32.dzTpf4 written to disk
/fred/oz002/dreardon/ppta_dr3/pptaDataCollection/profiles//J1832-0836/t171210_042353.rf.pcm.dzt8f32.zap written to disk
/fred/oz002/dreardon/ppta_dr3/pptaDataCollection/profiles//J1832-0836/t171210_042353.rf.pcm.dzt8f32.dzTpf4 written to disk
/fred/oz002/dreardon/ppta_dr3/pptaDataCollection/profiles//J1832-0836/t171210_042353.rf.pcm.dzt8f32.dzTpf4 written to disk
/fred/oz002/dreardon/ppta_dr3/pptaDataCollection/profiles//J1832-0836/t171210_042353.rf.pcm.dzt8f32.dzTpf4 written to disk
/fred/oz002/dreardon/ppta_dr3/pptaDataCollection/profiles//J1832-0836/t171211_003450.rf.pcm.dzt8f32.zap written to disk
/fred/oz002/dreardon/ppta_dr3/pptaDataCollection/profiles//J1832-0836/t171211_003450.rf.pcm.dzt8f32.dzTpf4 written to disk
/fred/oz002/dreardon/ppta_dr3/pptaDataCollection/profiles//J1832-0836/t171211_003450.rf.pcm.dzt8f32.dzTpf4 written to disk
/fred/oz002/dreardon/ppta_dr3/pptaDataCollection/profiles//J1832-0836/t171211_003450.rf.pcm.dzt8f32.dzTpf4 written to disk
/fred/oz002/dreardon/ppta_dr3/pptaDataCollection/profiles//J1832-0836/t171228_041341.rf.pcm.dzt8f32.zap written to disk
/fred/oz002/dreardon/ppta_dr3/pptaDataCollection/profiles//J1832-0836/t171228_041341.rf.pcm.dzt8f32.dzTpf4 written to disk
/fred/oz002/dreardon/ppta_dr3/pptaDataCollection/profiles//J1832-0836/t171228_041341.rf.pcm.dzt8f32.dzTpf4 written to disk
/fred/oz002/dreardon/ppta_dr3/pptaDataCollection/profiles//J1832-0836/t171228_041341.rf.pcm.dzt8f32.dzTpf4 written to disk
/fred/oz002/dreardon/ppta_dr3/pptaDataCollection/profiles//J1832-0836/t171230_025135.rf.pcm.dzt8f32.zap written to disk
/fred/oz002/dreardon/ppta_dr3/pptaDataCollection/profiles//J1832-0836/t171230_025135.rf.pcm.dzt8f32.dzTpf4 written to disk
/fred/oz002/dreardon/ppta_dr3/pptaDataCollection/profiles//J1832-0836/t171230_025135.rf.pcm.dzt8f32.dzTpf4 written to disk
/fred/oz002/dreardon/ppta_dr3/pptaDataCollection/profiles//J1832-0836/t171230_025135.rf.pcm.dzt8f32.dzTpf4 written to disk
/fred/oz002/dreardon/ppta_dr3/pptaDataCollection/profiles//J1832-0836/t180113_025243.rf.pcm.dzt8f32.zap written to disk
/fred/oz002/dreardon/ppta_dr3/pptaDataCollection/profiles//J1832-0836/t180113_025243.rf.pcm.dzt8f32.dzTpf4 written to disk
/fred/oz002/dreardon/ppta_dr3/pptaDataCollection/profiles//J1832-0836/t180113_025243.rf.pcm.dzt8f32.dzTpf4 written to disk
/fred/oz002/dreardon/ppta_dr3/pptaDataCollection/profiles//J1832-0836/t180113_025243.rf.pcm.dzt8f32.dzTpf4 written to disk
/fred/oz002/dreardon/ppta_dr3/pptaDataCollection/profiles//J1832-0836/t180127_231804.rf.pcm.dzt8f32.zap written to disk
/fred/oz002/dreardon/ppta_dr3/pptaDataCollection/profiles//J1832-0836/t180127_231804.rf.pcm.dzt8f32.dzTpf4 written to disk
/fred/oz002/dreardon/ppta_dr3/pptaDataCollection/profiles//J1832-0836/t180127_231804.rf.pcm.dzt8f32.dzTpf4 written to disk
/fred/oz002/dreardon/ppta_dr3/pptaDataCollection/profiles//J1832-0836/t180127_231804.rf.pcm.dzt8f32.dzTpf4 written to disk
/fred/oz002/dreardon/ppta_dr3/pptaDataCollection/profiles//J1832-0836/t180308_233101.rf.pcm.dzt8f32.zap written to disk
/fred/oz002/dreardon/ppta_dr3/pptaDataCollection/profiles//J1832-0836/t180308_233101.rf.pcm.dzt8f32.dzTpf4 written to disk
/fred/oz002/dreardon/ppta_dr3/pptaDataCollection/profiles//J1832-0836/t180308_233101.rf.pcm.dzt8f32.dzTpf4 written to disk
/fred/oz002/dreardon/ppta_dr3/pptaDataCollection/profiles//J1832-0836/t180308_233101.rf.pcm.dzt8f32.dzTpf4 written to disk
/fred/oz002/dreardon/ppta_dr3/pptaDataCollection/profiles//J1832-0836/t180423_201933.rf.pcm.dzt8f32.zap written to disk
/fred/oz002/dreardon/ppta_dr3/pptaDataCollection/profiles//J1832-0836/t180423_201933.rf.pcm.dzt8f32.dzTpf4 written to disk
/fred/oz002/dreardon/ppta_dr3/pptaDataCollection/profiles//J1832-0836/t180423_201933.rf.pcm.dzt8f32.dzTpf4 written to disk
/fred/oz002/dreardon/ppta_dr3/pptaDataCollection/profiles//J1832-0836/t180423_201933.rf.pcm.dzt8f32.dzTpf4 written to disk

Inactive Modules:
  1) astropy/2.0.3-python-2.7.14     6) openmpi/3.0.0
  2) boost/1.66.0                    7) python/2.7.14
  3) fftw/3.3.7                      8) scalapack/2.0.2-openblas-0.2.20
  4) gsl/2.4                         9) scipy/1.0.0-python-2.7.14
  5) numpy/1.14.1-python-2.7.14     10) sqlite/3.21.0

Due to MODULEPATH changes, the following have been reloaded:
  1) lapack/3.8.0     2) openblas/0.2.20

The following have been reloaded with a version change:
  1) binutils/2.30 => binutils/2.33.1     3) gcccore/6.4.0 => gcccore/9.2.0
  2) gcc/6.4.0 => gcc/9.2.0


Activating Modules:
  1) astropy/4.0.1-python-3.7.4     3) numpy/1.18.2-python-3.7.4     5) python/3.7.4
  2) gsl/2.5                        4) openmpi/4.0.2                 6) sqlite/3.21.0

Due to MODULEPATH changes, the following have been reloaded:
  1) lapack/3.8.0

The following have been reloaded with a version change:
  1) calceph/2.3.2 => calceph/2.3.2-gcc-9.2.0
  2) fftw-DP/3.3.8 => fftw-DP/3.3.8-gcc-9.2.0
  3) pgplot/5.2 => pgplot/5.2-gcc-9.2.0
  4) qd/2.3.12 => qd/2.3.12-gcc-9.2.0
  5) tempo2/0759584 => tempo2/02c9abb-gcc-9.2.0-python-3.7.4

p141011_094056.rf.pcm.dzt8f32.dzTpf4
Using template from 828 to 628 with 1024 phase bins
828.628.1024.std: template exists
Timing sub-bands
Pulsar::ArrivalTime::get_toas WARNING centre frequency standard= 3100 != observation=728
p150108_033952.rf.pcm.dzt8f32.dzTpf4
Using template from 828 to 628 with 1024 phase bins
828.628.1024.std: template exists
Timing sub-bands
Pulsar::ArrivalTime::get_toas WARNING centre frequency standard= 3100 != observation=728
p150222_011232.rf.pcm.dzt8f32.dzTpf4
Using template from 828 to 628 with 1024 phase bins
828.628.1024.std: template exists
Timing sub-bands
Pulsar::ArrivalTime::get_toas WARNING centre frequency standard= 3100 != observation=728
p150308_204752.rf.pcm.dzt8f32.dzTpf4
Using template from 828 to 628 with 1024 phase bins
828.628.1024.std: template exists
Timing sub-bands
Pulsar::ArrivalTime::get_toas WARNING centre frequency standard= 3100 != observation=728
p150923_072448.rf.pcm.dzt8f32.dzTpf4
Using template from 820 to 620 with 1024 phase bins
820.620.1024.std: template exists
Timing sub-bands
Pulsar::ArrivalTime::get_toas WARNING centre frequency standard= 3100 != observation=720
p160318_173136.rf.pcm.dzt8f32.dzTpf4
Using template from 820 to 620 with 1024 phase bins
820.620.1024.std: template exists
Timing sub-bands
Pulsar::ArrivalTime::get_toas WARNING centre frequency standard= 3100 != observation=720
p160506_181440.rf.pcm.dzt8f32.dzTpf4
Using template from 820 to 620 with 1024 phase bins
820.620.1024.std: template exists
Timing sub-bands
Pulsar::ArrivalTime::get_toas WARNING centre frequency standard= 3100 != observation=720
p170129_202504.rf.pcm.dzt8f32.dzTpf4
Using template from 820 to 620 with 1024 phase bins
820.620.1024.std: template exists
Timing sub-bands
Pulsar::ArrivalTime::get_toas WARNING centre frequency standard= 3100 != observation=720
s121129_062200.rf.pcm.dzt8f32.dzTpf4
Using template from 1497 to 1241 with 512 phase bins
1497.1241.512.std: template exists
Timing sub-bands
Pulsar::ArrivalTime::get_toas WARNING 
	number of bins mismatch: 512 != 1024
Pulsar::ArrivalTime::get_toas WARNING centre frequency standard= 3100 != observation=1369
s130724_094153.rf.pcm.dzt8f32.dzTpf4
Using template from 700 to 764 with 128 phase bins
700.764.128.std: template exists
Timing sub-bands
s130811_134732.rf.pcm.dzt8f32.dzTpf4
Using template from 700 to 764 with 128 phase bins
700.764.128.std: template exists
Timing sub-bands
s130812_132922.rf.pcm.dzt8f32.dzTpf4
Using template from 700 to 764 with 128 phase bins
700.764.128.std: template exists
Timing sub-bands
s130915_111232.rf.pcm.dzt8f32.dzTpf4
Using template from 700 to 764 with 128 phase bins
700.764.128.std: template exists
Timing sub-bands
s130930_094234.rf.pcm.dzt8f32.dzTpf4
Using template from 700 to 764 with 128 phase bins
700.764.128.std: template exists
Timing sub-bands
s131015_100003.rf.pcm.dzt8f32.dzTpf4
Using template from 700 to 764 with 128 phase bins
700.764.128.std: template exists
Timing sub-bands
s131129_071152.rf.pcm.dzt8f32.dzTpf4
Using template from 700 to 764 with 128 phase bins
700.764.128.std: template exists
Timing sub-bands
s131219_055323.rf.pcm.dzt8f32.dzTpf4
Using template from 700 to 764 with 128 phase bins
700.764.128.std: template exists
Timing sub-bands
s140110_034852.rf.pcm.dzt8f32.dzTpf4
Using template from 700 to 764 with 128 phase bins
700.764.128.std: template exists
Timing sub-bands
s140322_172920.rf.pcm.dzt8f32.dzTpf4
Using template from 700 to 764 with 128 phase bins
700.764.128.std: template exists
Timing sub-bands
s140410_213122.rf.pcm.dzt8f32.dzTpf4
Using template from 700 to 764 with 128 phase bins
700.764.128.std: template exists
Timing sub-bands
s140411_184514.rf.pcm.dzt8f32.dzTpf4
Using template from 700 to 764 with 128 phase bins
700.764.128.std: template exists
Timing sub-bands
s140411_195302.rf.pcm.dzt8f32.dzTpf4
Using template from 700 to 764 with 128 phase bins
700.764.128.std: template exists
Timing sub-bands
s140424_210232.rf.pcm.dzt8f32.dzTpf4
Using template from 700 to 764 with 128 phase bins
700.764.128.std: template exists
Timing sub-bands
t130604_124421.rf.pcm.dzt8f32.dzTpf4
Using template from 1497 to 1241 with 512 phase bins
1497.1241.512.std: template exists
Timing sub-bands
Pulsar::ArrivalTime::get_toas WARNING 
	number of bins mismatch: 512 != 1024
Pulsar::ArrivalTime::get_toas WARNING centre frequency standard= 3100 != observation=1369
t130604_190051.rf.pcm.dzt8f32.dzTpf4
Using template from 1497 to 1241 with 512 phase bins
1497.1241.512.std: template exists
Timing sub-bands
Pulsar::ArrivalTime::get_toas WARNING 
	number of bins mismatch: 512 != 1024
Pulsar::ArrivalTime::get_toas WARNING centre frequency standard= 3100 != observation=1369
t130620_181221.rf.pcm.dzt8f32.dzTpf4
Using template from 1497 to 1241 with 512 phase bins
1497.1241.512.std: template exists
Timing sub-bands
Pulsar::ArrivalTime::get_toas WARNING 
	number of bins mismatch: 512 != 1024
Pulsar::ArrivalTime::get_toas WARNING centre frequency standard= 3100 != observation=1369
t130704_163512.rf.pcm.dzt8f32.dzTpf4
Using template from 1497 to 1241 with 512 phase bins
1497.1241.512.std: template exists
Timing sub-bands
Pulsar::ArrivalTime::get_toas WARNING 
	number of bins mismatch: 512 != 1024
Pulsar::ArrivalTime::get_toas WARNING centre frequency standard= 3100 != observation=1369
t130722_153301.rf.pcm.dzt8f32.dzTpf4
Using template from 1497 to 1241 with 512 phase bins
1497.1241.512.std: template exists
Timing sub-bands
Pulsar::ArrivalTime::get_toas WARNING 
	number of bins mismatch: 512 != 1024
Pulsar::ArrivalTime::get_toas WARNING centre frequency standard= 3100 != observation=1369
t130724_094153.rf.pcm.dzt8f32.dzTpf4
Using template from 2588 to 3612 with 1024 phase bins
2588.3612.1024.std: template exists
Timing sub-bands
t130809_132251.rf.pcm.dzt8f32.dzTpf4
Using template from 1497 to 1241 with 512 phase bins
1497.1241.512.std: template exists
Timing sub-bands
Pulsar::ArrivalTime::get_toas WARNING 
	number of bins mismatch: 512 != 1024
Pulsar::ArrivalTime::get_toas WARNING centre frequency standard= 3100 != observation=1369
t130811_134731.rf.pcm.dzt8f32.dzTpf4
Using template from 2588 to 3612 with 1024 phase bins
2588.3612.1024.std: template exists
Timing sub-bands
t130812_132921.rf.pcm.dzt8f32.dzTpf4
Using template from 2588 to 3612 with 1024 phase bins
2588.3612.1024.std: template exists
Timing sub-bands
t130831_130241.rf.pcm.dzt8f32.dzTpf4
Using template from 1497 to 1241 with 512 phase bins
1497.1241.512.std: template exists
Timing sub-bands
Pulsar::ArrivalTime::get_toas WARNING 
	number of bins mismatch: 512 != 1024
Pulsar::ArrivalTime::get_toas WARNING centre frequency standard= 3100 != observation=1369
t130914_100001.rf.pcm.dzt8f32.dzTpf4
Using template from 1497 to 1241 with 512 phase bins
1497.1241.512.std: template exists
Timing sub-bands
Pulsar::ArrivalTime::get_toas WARNING 
	number of bins mismatch: 512 != 1024
Pulsar::ArrivalTime::get_toas WARNING centre frequency standard= 3100 != observation=1369
t130915_111232.rf.pcm.dzt8f32.dzTpf4
Using template from 2588 to 3612 with 1024 phase bins
2588.3612.1024.std: template exists
Timing sub-bands
t130928_062202.rf.pcm.dzt8f32.dzTpf4
Using template from 1497 to 1241 with 512 phase bins
1497.1241.512.std: template exists
Timing sub-bands
Pulsar::ArrivalTime::get_toas WARNING 
	number of bins mismatch: 512 != 1024
Pulsar::ArrivalTime::get_toas WARNING centre frequency standard= 3100 != observation=1369
t130930_094233.rf.pcm.dzt8f32.dzTpf4
Using template from 2588 to 3612 with 1024 phase bins
2588.3612.1024.std: template exists
Timing sub-bands
t131014_082842.rf.pcm.dzt8f32.dzTpf4
Using template from 1497 to 1241 with 512 phase bins
1497.1241.512.std: template exists
Timing sub-bands
Pulsar::ArrivalTime::get_toas WARNING 
	number of bins mismatch: 512 != 1024
Pulsar::ArrivalTime::get_toas WARNING centre frequency standard= 3100 != observation=1369
t131015_100003.rf.pcm.dzt8f32.dzTpf4
Using template from 2588 to 3612 with 1024 phase bins
2588.3612.1024.std: template exists
Timing sub-bands
t131026_055741.rf.pcm.dzt8f32.dzTpf4
Using template from 1497 to 1241 with 512 phase bins
1497.1241.512.std: template exists
Timing sub-bands
Pulsar::ArrivalTime::get_toas WARNING 
	number of bins mismatch: 512 != 1024
Pulsar::ArrivalTime::get_toas WARNING centre frequency standard= 3100 != observation=1369
t131129_030031.rf.pcm.dzt8f32.dzTpf4
Using template from 1497 to 1241 with 512 phase bins
1497.1241.512.std: template exists
Timing sub-bands
Pulsar::ArrivalTime::get_toas WARNING 
	number of bins mismatch: 512 != 1024
Pulsar::ArrivalTime::get_toas WARNING centre frequency standard= 3100 != observation=1369
t131129_071152.rf.pcm.dzt8f32.dzTpf4
Using template from 2588 to 3612 with 1024 phase bins
2588.3612.1024.std: template exists
Timing sub-bands
t131217_031754.rf.pcm.dzt8f32.dzTpf4
Using template from 1497 to 1241 with 512 phase bins
1497.1241.512.std: template exists
Timing sub-bands
Pulsar::ArrivalTime::get_toas WARNING 
	number of bins mismatch: 512 != 1024
Pulsar::ArrivalTime::get_toas WARNING centre frequency standard= 3100 != observation=1369
t131218_044532.rf.pcm.dzt8f32.dzTpf4
Using template from 2588 to 3612 with 1024 phase bins
2588.3612.1024.std: template exists
Timing sub-bands
t131219_055322.rf.pcm.dzt8f32.dzTpf4
Using template from 2588 to 3612 with 1024 phase bins
2588.3612.1024.std: template exists
Timing sub-bands
t140110_034853.rf.pcm.dzt8f32.dzTpf4
Using template from 2588 to 3612 with 1024 phase bins
2588.3612.1024.std: template exists
Timing sub-bands
t140111_040522.rf.pcm.dzt8f32.dzTpf4
Using template from 1497 to 1241 with 512 phase bins
1497.1241.512.std: template exists
Timing sub-bands
Pulsar::ArrivalTime::get_toas WARNING 
	number of bins mismatch: 512 != 1024
Pulsar::ArrivalTime::get_toas WARNING centre frequency standard= 3100 != observation=1369
t140219_201853.rf.pcm.dzt8f32.dzTpf4
Using template from 1497 to 1241 with 512 phase bins
1497.1241.512.std: template exists
Timing sub-bands
Pulsar::ArrivalTime::get_toas WARNING 
	number of bins mismatch: 512 != 1024
Pulsar::ArrivalTime::get_toas WARNING centre frequency standard= 3100 != observation=1369
t140321_220850.rf.pcm.dzt8f32.dzTpf4
Using template from 1497 to 1241 with 512 phase bins
1497.1241.512.std: template exists
Timing sub-bands
Pulsar::ArrivalTime::get_toas WARNING 
	number of bins mismatch: 512 != 1024
Pulsar::ArrivalTime::get_toas WARNING centre frequency standard= 3100 != observation=1369
t140322_172920.rf.pcm.dzt8f32.dzTpf4
Using template from 2588 to 3612 with 1024 phase bins
2588.3612.1024.std: template exists
Timing sub-bands
t140409_215432.rf.pcm.dzt8f32.dzTpf4
Using template from 1497 to 1241 with 512 phase bins
1497.1241.512.std: template exists
Timing sub-bands
Pulsar::ArrivalTime::get_toas WARNING 
	number of bins mismatch: 512 != 1024
Pulsar::ArrivalTime::get_toas WARNING centre frequency standard= 3100 != observation=1369
t140410_213122.rf.pcm.dzt8f32.dzTpf4
Using template from 2588 to 3612 with 1024 phase bins
2588.3612.1024.std: template exists
Timing sub-bands
t140411_184514.rf.pcm.dzt8f32.dzTpf4
Using template from 2588 to 3612 with 1024 phase bins
2588.3612.1024.std: template exists
Timing sub-bands
t140411_195302.rf.pcm.dzt8f32.dzTpf4
Using template from 2588 to 3612 with 1024 phase bins
2588.3612.1024.std: template exists
Timing sub-bands
t140424_210232.rf.pcm.dzt8f32.dzTpf4
Using template from 2588 to 3612 with 1024 phase bins
2588.3612.1024.std: template exists
Timing sub-bands
t140427_212321.rf.pcm.dzt8f32.dzTpf4
Using template from 1497 to 1241 with 512 phase bins
1497.1241.512.std: template exists
Timing sub-bands
Pulsar::ArrivalTime::get_toas WARNING 
	number of bins mismatch: 512 != 1024
Pulsar::ArrivalTime::get_toas WARNING centre frequency standard= 3100 != observation=1369
t140521_141032.rf.pcm.dzt8f32.dzTpf4
Using template from 1497 to 1241 with 512 phase bins
1497.1241.512.std: template exists
Timing sub-bands
Pulsar::ArrivalTime::get_toas WARNING 
	number of bins mismatch: 512 != 1024
Pulsar::ArrivalTime::get_toas WARNING centre frequency standard= 3100 != observation=1369
t140927_055922.rf.pcm.dzt8f32.dzTpf4
Using template from 1497 to 1241 with 512 phase bins
1497.1241.512.std: template exists
Timing sub-bands
Pulsar::ArrivalTime::get_toas WARNING 
	number of bins mismatch: 512 != 1024
Pulsar::ArrivalTime::get_toas WARNING centre frequency standard= 3100 != observation=1369
t141010_082303.rf.pcm.dzt8f32.dzTpf4
Using template from 1497 to 1241 with 512 phase bins
1497.1241.512.std: template exists
Timing sub-bands
Pulsar::ArrivalTime::get_toas WARNING 
	number of bins mismatch: 512 != 1024
Pulsar::ArrivalTime::get_toas WARNING centre frequency standard= 3100 != observation=1369
t141011_094043.rf.pcm.dzt8f32.dzTpf4
Using template from 2588 to 3612 with 1024 phase bins
2588.3612.1024.std: template exists
Timing sub-bands
t141129_033703.rf.pcm.dzt8f32.dzTpf4
Using template from 1497 to 1241 with 512 phase bins
1497.1241.512.std: template exists
Timing sub-bands
Pulsar::ArrivalTime::get_toas WARNING 
	number of bins mismatch: 512 != 1024
Pulsar::ArrivalTime::get_toas WARNING centre frequency standard= 3100 != observation=1369
t150107_233831.rf.pcm.dzt8f32.dzTpf4
Using template from 1497 to 1241 with 512 phase bins
1497.1241.512.std: template exists
Timing sub-bands
Pulsar::ArrivalTime::get_toas WARNING 
	number of bins mismatch: 512 != 1024
Pulsar::ArrivalTime::get_toas WARNING centre frequency standard= 3100 != observation=1369
t150108_033941.rf.pcm.dzt8f32.dzTpf4
Using template from 2588 to 3612 with 1024 phase bins
2588.3612.1024.std: template exists
Timing sub-bands
t150222_011222.rf.pcm.dzt8f32.dzTpf4
Using template from 2588 to 3612 with 1024 phase bins
2588.3612.1024.std: template exists
Timing sub-bands
t150223_001632.rf.pcm.dzt8f32.dzTpf4
Using template from 1497 to 1241 with 512 phase bins
1497.1241.512.std: template exists
Timing sub-bands
Pulsar::ArrivalTime::get_toas WARNING 
	number of bins mismatch: 512 != 1024
Pulsar::ArrivalTime::get_toas WARNING centre frequency standard= 3100 != observation=1369
t150308_204734.rf.pcm.dzt8f32.dzTpf4
Using template from 2588 to 3612 with 1024 phase bins
2588.3612.1024.std: template exists
Timing sub-bands
t150416_203403.rf.pcm.dzt8f32.dzTpf4
Using template from 1497 to 1241 with 512 phase bins
1497.1241.512.std: template exists
Timing sub-bands
Pulsar::ArrivalTime::get_toas WARNING 
	number of bins mismatch: 512 != 1024
Pulsar::ArrivalTime::get_toas WARNING centre frequency standard= 3100 != observation=1369
t150629_120514.rf.pcm.dzt8f32.dzTpf4
Using template from 1497 to 1241 with 512 phase bins
1497.1241.512.std: template exists
Timing sub-bands
Pulsar::ArrivalTime::get_toas WARNING 
	number of bins mismatch: 512 != 1024
Pulsar::ArrivalTime::get_toas WARNING centre frequency standard= 3100 != observation=1369
t150831_133643.rf.pcm.dzt8f32.dzTpf4
Using template from 1497 to 1241 with 512 phase bins
1497.1241.512.std: template exists
Timing sub-bands
Pulsar::ArrivalTime::get_toas WARNING 
	number of bins mismatch: 512 != 1024
Pulsar::ArrivalTime::get_toas WARNING centre frequency standard= 3100 != observation=1369
t150923_072434.rf.pcm.dzt8f32.dzTpf4
Using template from 2588 to 3612 with 1024 phase bins
2588.3612.1024.std: template exists
Timing sub-bands
t151009_102551.rf.pcm.dzt8f32.dzTpf4
Using template from 1497 to 1241 with 512 phase bins
1497.1241.512.std: template exists
Timing sub-bands
Pulsar::ArrivalTime::get_toas WARNING 
	number of bins mismatch: 512 != 1024
Pulsar::ArrivalTime::get_toas WARNING centre frequency standard= 3100 != observation=1369
t160318_173121.rf.pcm.dzt8f32.dzTpf4
Using template from 2588 to 3612 with 1024 phase bins
2588.3612.1024.std: template exists
Timing sub-bands
t160401_193805.rf.pcm.dzt8f32.dzTpf4
Using template from 1497 to 1241 with 512 phase bins
1497.1241.512.std: template exists
Timing sub-bands
Pulsar::ArrivalTime::get_toas WARNING 
	number of bins mismatch: 512 != 1024
Pulsar::ArrivalTime::get_toas WARNING centre frequency standard= 3100 != observation=1369
t160506_181425.rf.pcm.dzt8f32.dzTpf4
Using template from 2588 to 3612 with 1024 phase bins
2588.3612.1024.std: template exists
Timing sub-bands
t160716_141346.rf.pcm.dzt8f32.dzTpf4
Using template from 1497 to 1241 with 512 phase bins
1497.1241.512.std: template exists
Timing sub-bands
Pulsar::ArrivalTime::get_toas WARNING 
	number of bins mismatch: 512 != 1024
Pulsar::ArrivalTime::get_toas WARNING centre frequency standard= 3100 != observation=1369
t160717_143654.rf.pcm.dzt8f32.dzTpf4
Using template from 1497 to 1241 with 512 phase bins
1497.1241.512.std: template exists
Timing sub-bands
Pulsar::ArrivalTime::get_toas WARNING 
	number of bins mismatch: 512 != 1024
Pulsar::ArrivalTime::get_toas WARNING centre frequency standard= 3100 != observation=1369
t160726_131132.rf.pcm.dzt8f32.dzTpf4
Using template from 1497 to 1241 with 512 phase bins
1497.1241.512.std: template exists
Timing sub-bands
Pulsar::ArrivalTime::get_toas WARNING 
	number of bins mismatch: 512 != 1024
Pulsar::ArrivalTime::get_toas WARNING centre frequency standard= 3100 != observation=1369
t160811_130451.rf.pcm.dzt8f32.dzTpf4
Using template from 1497 to 1241 with 512 phase bins
1497.1241.512.std: template exists
Timing sub-bands
Pulsar::ArrivalTime::get_toas WARNING 
	number of bins mismatch: 512 != 1024
Pulsar::ArrivalTime::get_toas WARNING centre frequency standard= 3100 != observation=1369
t160812_120352.rf.pcm.dzt8f32.dzTpf4
Using template from 1497 to 1241 with 512 phase bins
1497.1241.512.std: template exists
Timing sub-bands
Pulsar::ArrivalTime::get_toas WARNING 
	number of bins mismatch: 512 != 1024
Pulsar::ArrivalTime::get_toas WARNING centre frequency standard= 3100 != observation=1369
t160930_072203.rf.pcm.dzt8f32.dzTpf4
Using template from 1497 to 1241 with 512 phase bins
1497.1241.512.std: template exists
Timing sub-bands
Pulsar::ArrivalTime::get_toas WARNING 
	number of bins mismatch: 512 != 1024
Pulsar::ArrivalTime::get_toas WARNING centre frequency standard= 3100 != observation=1369
t161001_071132.rf.pcm.dzt8f32.dzTpf4
Using template from 1497 to 1241 with 512 phase bins
1497.1241.512.std: template exists
Timing sub-bands
Pulsar::ArrivalTime::get_toas WARNING 
	number of bins mismatch: 512 != 1024
Pulsar::ArrivalTime::get_toas WARNING centre frequency standard= 3100 != observation=1369
t161023_070454.rf.pcm.dzt8f32.dzTpf4
Using template from 1497 to 1241 with 512 phase bins
1497.1241.512.std: template exists
Timing sub-bands
Pulsar::ArrivalTime::get_toas WARNING 
	number of bins mismatch: 512 != 1024
Pulsar::ArrivalTime::get_toas WARNING centre frequency standard= 3100 != observation=1369
t161205_062620.rf.pcm.dzt8f32.dzTpf4
Using template from 1497 to 1241 with 512 phase bins
1497.1241.512.std: template exists
Timing sub-bands
Pulsar::ArrivalTime::get_toas WARNING 
	number of bins mismatch: 512 != 1024
Pulsar::ArrivalTime::get_toas WARNING centre frequency standard= 3100 != observation=1369
t161220_053931.rf.pcm.dzt8f32.dzTpf4
Using template from 1497 to 1241 with 512 phase bins
1497.1241.512.std: template exists
Timing sub-bands
Pulsar::ArrivalTime::get_toas WARNING 
	number of bins mismatch: 512 != 1024
Pulsar::ArrivalTime::get_toas WARNING centre frequency standard= 3100 != observation=1369
t170104_043711.rf.pcm.dzt8f32.dzTpf4
Using template from 1497 to 1241 with 512 phase bins
1497.1241.512.std: template exists
Timing sub-bands
Pulsar::ArrivalTime::get_toas WARNING 
	number of bins mismatch: 512 != 1024
Pulsar::ArrivalTime::get_toas WARNING centre frequency standard= 3100 != observation=1369
t170128_012853.rf.pcm.dzt8f32.dzTpf4
Using template from 1497 to 1241 with 512 phase bins
1497.1241.512.std: template exists
Timing sub-bands
Pulsar::ArrivalTime::get_toas WARNING 
	number of bins mismatch: 512 != 1024
Pulsar::ArrivalTime::get_toas WARNING centre frequency standard= 3100 != observation=1369
t170129_202451.rf.pcm.dzt8f32.dzTpf4
Using template from 2588 to 3612 with 1024 phase bins
2588.3612.1024.std: template exists
Timing sub-bands
t170129_214312.rf.pcm.dzt8f32.dzTpf4
Using template from 2588 to 3612 with 1024 phase bins
2588.3612.1024.std: template exists
Timing sub-bands
t170209_030121.rf.pcm.dzt8f32.dzTpf4
Using template from 1497 to 1241 with 512 phase bins
1497.1241.512.std: template exists
Timing sub-bands
Pulsar::ArrivalTime::get_toas WARNING 
	number of bins mismatch: 512 != 1024
Pulsar::ArrivalTime::get_toas WARNING centre frequency standard= 3100 != observation=1369
t170210_201821.rf.pcm.dzt8f32.dzTpf4
Using template from 1497 to 1241 with 512 phase bins
1497.1241.512.std: template exists
Timing sub-bands
Pulsar::ArrivalTime::get_toas WARNING 
	number of bins mismatch: 512 != 1024
Pulsar::ArrivalTime::get_toas WARNING centre frequency standard= 3100 != observation=1369
t170305_204704.rf.pcm.dzt8f32.dzTpf4
Using template from 1497 to 1241 with 512 phase bins
1497.1241.512.std: template exists
Timing sub-bands
Pulsar::ArrivalTime::get_toas WARNING 
	number of bins mismatch: 512 != 1024
Pulsar::ArrivalTime::get_toas WARNING centre frequency standard= 3100 != observation=1369
t170323_190013.rf.pcm.dzt8f32.dzTpf4
Using template from 1497 to 1241 with 512 phase bins
1497.1241.512.std: template exists
Timing sub-bands
Pulsar::ArrivalTime::get_toas WARNING 
	number of bins mismatch: 512 != 1024
Pulsar::ArrivalTime::get_toas WARNING centre frequency standard= 3100 != observation=1369
t170413_182232.rf.pcm.dzt8f32.dzTpf4
Using template from 1497 to 1241 with 512 phase bins
1497.1241.512.std: template exists
Timing sub-bands
Pulsar::ArrivalTime::get_toas WARNING 
	number of bins mismatch: 512 != 1024
Pulsar::ArrivalTime::get_toas WARNING centre frequency standard= 3100 != observation=1369
t170415_185924.rf.pcm.dzt8f32.dzTpf4
Using template from 1497 to 1241 with 512 phase bins
1497.1241.512.std: template exists
Timing sub-bands
Pulsar::ArrivalTime::get_toas WARNING 
	number of bins mismatch: 512 != 1024
Pulsar::ArrivalTime::get_toas WARNING centre frequency standard= 3100 != observation=1369
t170428_202144.rf.pcm.dzt8f32.dzTpf4
Using template from 1497 to 1241 with 512 phase bins
1497.1241.512.std: template exists
Timing sub-bands
Pulsar::ArrivalTime::get_toas WARNING 
	number of bins mismatch: 512 != 1024
Pulsar::ArrivalTime::get_toas WARNING centre frequency standard= 3100 != observation=1369
t170623_173654.rf.pcm.dzt8f32.dzTpf4
Using template from 1497 to 1241 with 512 phase bins
1497.1241.512.std: template exists
Timing sub-bands
Pulsar::ArrivalTime::get_toas WARNING 
	number of bins mismatch: 512 != 1024
Pulsar::ArrivalTime::get_toas WARNING centre frequency standard= 3100 != observation=1369
t170624_105751.rf.pcm.dzt8f32.dzTpf4
Using template from 1497 to 1241 with 512 phase bins
1497.1241.512.std: template exists
Timing sub-bands
Pulsar::ArrivalTime::get_toas WARNING 
	number of bins mismatch: 512 != 1024
Pulsar::ArrivalTime::get_toas WARNING centre frequency standard= 3100 != observation=1369
t170714_101501.rf.pcm.dzt8f32.dzTpf4
Using template from 1497 to 1241 with 512 phase bins
1497.1241.512.std: template exists
Timing sub-bands
Pulsar::ArrivalTime::get_toas WARNING 
	number of bins mismatch: 512 != 1024
Pulsar::ArrivalTime::get_toas WARNING centre frequency standard= 3100 != observation=1369
t170803_140811.rf.pcm.dzt8f32.dzTpf4
Using template from 1497 to 1241 with 512 phase bins
1497.1241.512.std: template exists
Timing sub-bands
Pulsar::ArrivalTime::get_toas WARNING 
	number of bins mismatch: 512 != 1024
Pulsar::ArrivalTime::get_toas WARNING centre frequency standard= 3100 != observation=1369
t170925_104612.rf.pcm.dzt8f32.dzTpf4
Using template from 1497 to 1241 with 512 phase bins
1497.1241.512.std: template exists
Timing sub-bands
Pulsar::ArrivalTime::get_toas WARNING 
	number of bins mismatch: 512 != 1024
Pulsar::ArrivalTime::get_toas WARNING centre frequency standard= 3100 != observation=1369
t171013_101432.rf.pcm.dzt8f32.dzTpf4
Using template from 1497 to 1241 with 512 phase bins
1497.1241.512.std: template exists
Timing sub-bands
Pulsar::ArrivalTime::get_toas WARNING 
	number of bins mismatch: 512 != 1024
Pulsar::ArrivalTime::get_toas WARNING centre frequency standard= 3100 != observation=1369
t171105_084612.rf.pcm.dzt8f32.dzTpf4
Using template from 1497 to 1241 with 512 phase bins
1497.1241.512.std: template exists
Timing sub-bands
Pulsar::ArrivalTime::get_toas WARNING 
	number of bins mismatch: 512 != 1024
Pulsar::ArrivalTime::get_toas WARNING centre frequency standard= 3100 != observation=1369
t171106_090743.rf.pcm.dzt8f32.dzTpf4
Using template from 1497 to 1241 with 512 phase bins
1497.1241.512.std: template exists
Timing sub-bands
Pulsar::ArrivalTime::get_toas WARNING 
	number of bins mismatch: 512 != 1024
Pulsar::ArrivalTime::get_toas WARNING centre frequency standard= 3100 != observation=1369
t171210_042353.rf.pcm.dzt8f32.dzTpf4
Using template from 1497 to 1241 with 512 phase bins
1497.1241.512.std: template exists
Timing sub-bands
Pulsar::ArrivalTime::get_toas WARNING 
	number of bins mismatch: 512 != 1024
Pulsar::ArrivalTime::get_toas WARNING centre frequency standard= 3100 != observation=1369
t171211_003450.rf.pcm.dzt8f32.dzTpf4
Using template from 1497 to 1241 with 512 phase bins
1497.1241.512.std: template exists
Timing sub-bands
Pulsar::ArrivalTime::get_toas WARNING 
	number of bins mismatch: 512 != 1024
Pulsar::ArrivalTime::get_toas WARNING centre frequency standard= 3100 != observation=1369
t171228_041341.rf.pcm.dzt8f32.dzTpf4
Using template from 1497 to 1241 with 512 phase bins
1497.1241.512.std: template exists
Timing sub-bands
Pulsar::ArrivalTime::get_toas WARNING 
	number of bins mismatch: 512 != 1024
Pulsar::ArrivalTime::get_toas WARNING centre frequency standard= 3100 != observation=1369
t171230_025135.rf.pcm.dzt8f32.dzTpf4
Using template from 1497 to 1241 with 512 phase bins
1497.1241.512.std: template exists
Timing sub-bands
Pulsar::ArrivalTime::get_toas WARNING 
	number of bins mismatch: 512 != 1024
Pulsar::ArrivalTime::get_toas WARNING centre frequency standard= 3100 != observation=1369
t180113_025243.rf.pcm.dzt8f32.dzTpf4
Using template from 1497 to 1241 with 512 phase bins
1497.1241.512.std: template exists
Timing sub-bands
Pulsar::ArrivalTime::get_toas WARNING 
	number of bins mismatch: 512 != 1024
Pulsar::ArrivalTime::get_toas WARNING centre frequency standard= 3100 != observation=1369
t180127_231804.rf.pcm.dzt8f32.dzTpf4
Using template from 1497 to 1241 with 512 phase bins
1497.1241.512.std: template exists
Timing sub-bands
Pulsar::ArrivalTime::get_toas WARNING 
	number of bins mismatch: 512 != 1024
Pulsar::ArrivalTime::get_toas WARNING centre frequency standard= 3100 != observation=1369
t180308_233101.rf.pcm.dzt8f32.dzTpf4
Using template from 1497 to 1241 with 512 phase bins
1497.1241.512.std: template exists
Timing sub-bands
Pulsar::ArrivalTime::get_toas WARNING 
	number of bins mismatch: 512 != 1024
Pulsar::ArrivalTime::get_toas WARNING centre frequency standard= 3100 != observation=1369
t180423_201933.rf.pcm.dzt8f32.dzTpf4
Using template from 1497 to 1241 with 512 phase bins
1497.1241.512.std: template exists
Timing sub-bands
Pulsar::ArrivalTime::get_toas WARNING 
	number of bins mismatch: 512 != 1024
Pulsar::ArrivalTime::get_toas WARNING centre frequency standard= 3100 != observation=1369
Writing to /fred/oz002/dreardon/ppta_dr3/pptaDataCollection/profiles//J1832-0836/J1832-0836.flagged.tim

Inactive Modules:
  1) astropy/2.0.3-python-2.7.14     6) openmpi/3.0.0
  2) boost/1.66.0                    7) python/2.7.14
  3) fftw/3.3.7                      8) scalapack/2.0.2-openblas-0.2.20
  4) gsl/2.4                         9) scipy/1.0.0-python-2.7.14
  5) numpy/1.14.1-python-2.7.14     10) sqlite/3.21.0

Due to MODULEPATH changes, the following have been reloaded:
  1) lapack/3.8.0     2) openblas/0.2.20

The following have been reloaded with a version change:
  1) binutils/2.30 => binutils/2.33.1     3) gcccore/6.4.0 => gcccore/9.2.0
  2) gcc/6.4.0 => gcc/9.2.0


Activating Modules:
  1) astropy/4.0.1-python-3.7.4     3) numpy/1.18.2-python-3.7.4     5) python/3.7.4
  2) gsl/2.5                        4) openmpi/4.0.2                 6) sqlite/3.21.0

Due to MODULEPATH changes, the following have been reloaded:
  1) lapack/3.8.0

The following have been reloaded with a version change:
  1) calceph/2.3.2 => calceph/2.3.2-gcc-9.2.0
  2) fftw-DP/3.3.8 => fftw-DP/3.3.8-gcc-9.2.0
  3) pgplot/5.2 => pgplot/5.2-gcc-9.2.0
  4) qd/2.3.12 => qd/2.3.12-gcc-9.2.0
  5) tempo2/0759584 => tempo2/02c9abb-gcc-9.2.0-python-3.7.4

